#! /c/Source/iverilog-install/bin/vvp
:ivl_version "12.0 (devel)" "(s20150603-1539-g2693dd32b)";
:ivl_delay_selection "TYPICAL";
:vpi_time_precision + 0;
:vpi_module "C:\iverilog\lib\ivl\system.vpi";
:vpi_module "C:\iverilog\lib\ivl\vhdl_sys.vpi";
:vpi_module "C:\iverilog\lib\ivl\vhdl_textio.vpi";
:vpi_module "C:\iverilog\lib\ivl\v2005_math.vpi";
:vpi_module "C:\iverilog\lib\ivl\va_math.vpi";
S_00000167e40fade0 .scope module, "pipe_ex2_tb" "pipe_ex2_tb" 2 2;
 .timescale 0 0;
v00000167e4001910_0 .net "Z", 15 0, L_00000167e4010dc0;  1 drivers
v00000167e4001b90_0 .var "addr", 7 0;
v00000167e4001730_0 .var "clk1", 0 0;
v00000167e40019b0_0 .var "clk2", 0 0;
v00000167e4001690_0 .var "func", 3 0;
v00000167e4002590_0 .var/i "k", 31 0;
v00000167e4001eb0_0 .var "rd", 3 0;
v00000167e4001c30_0 .var "rs1", 3 0;
v00000167e4001cd0_0 .var "rs2", 3 0;
S_00000167e3ffa1a0 .scope module, "MY_PIPE" "pipe_ex2" 2 10, 3 1 0, S_00000167e40fade0;
 .timescale 0 0;
    .port_info 0 /OUTPUT 16 "Zout";
    .port_info 1 /INPUT 4 "rs1";
    .port_info 2 /INPUT 4 "rs2";
    .port_info 3 /INPUT 4 "rd";
    .port_info 4 /INPUT 4 "func";
    .port_info 5 /INPUT 8 "addr";
    .port_info 6 /INPUT 1 "clk1";
    .port_info 7 /INPUT 1 "clk2";
L_00000167e4010dc0 .functor BUFZ 16, v00000167e3fd2ef0_0, C4<0000000000000000>, C4<0000000000000000>, C4<0000000000000000>;
v00000167e4017ef0_0 .var "L12_A", 15 0;
v00000167e40f9ed0_0 .var "L12_B", 15 0;
v00000167e3fd2b30_0 .var "L12_addr", 15 0;
v00000167e3fd2bd0_0 .var "L12_func", 15 0;
v00000167e3fd2c70_0 .var "L12_rd", 15 0;
v00000167e3fd2d10_0 .var "L23_Z", 15 0;
v00000167e3fd2db0_0 .var "L23_addr", 15 0;
v00000167e3fd2e50_0 .var "L23_rd", 15 0;
v00000167e3fd2ef0_0 .var "L34_Z", 15 0;
v00000167e4065440_0 .var "L34_addr", 15 0;
v00000167e40654e0_0 .net "Zout", 15 0, L_00000167e4010dc0;  alias, 1 drivers
v00000167e4065580_0 .net "addr", 7 0, v00000167e4001b90_0;  1 drivers
v00000167e4065620_0 .net "clk1", 0 0, v00000167e4001730_0;  1 drivers
v00000167e40656c0_0 .net "clk2", 0 0, v00000167e40019b0_0;  1 drivers
v00000167e4065760_0 .net "func", 3 0, v00000167e4001690_0;  1 drivers
v00000167e4001a50 .array "mem", 255 0, 15 0;
v00000167e4001af0_0 .net "rd", 3 0, v00000167e4001eb0_0;  1 drivers
v00000167e4002450 .array "regbank", 15 0, 15 0;
v00000167e4002310_0 .net "rs1", 3 0, v00000167e4001c30_0;  1 drivers
v00000167e40024f0_0 .net "rs2", 3 0, v00000167e4001cd0_0;  1 drivers
E_00000167e4014f30 .event negedge, v00000167e40656c0_0;
E_00000167e40148b0 .event posedge, v00000167e4065620_0;
    .scope S_00000167e3ffa1a0;
T_0 ;
    %wait E_00000167e40148b0;
    %load/vec4 v00000167e4002310_0;
    %pad/u 6;
    %ix/vec4 4;
    %load/vec4a v00000167e4002450, 4;
    %assign/vec4 v00000167e4017ef0_0, 2;
    %load/vec4 v00000167e40024f0_0;
    %pad/u 6;
    %ix/vec4 4;
    %load/vec4a v00000167e4002450, 4;
    %assign/vec4 v00000167e40f9ed0_0, 2;
    %load/vec4 v00000167e4001af0_0;
    %pad/u 16;
    %assign/vec4 v00000167e3fd2c70_0, 2;
    %load/vec4 v00000167e4065760_0;
    %pad/u 16;
    %assign/vec4 v00000167e3fd2bd0_0, 2;
    %load/vec4 v00000167e4065580_0;
    %pad/u 16;
    %assign/vec4 v00000167e3fd2b30_0, 2;
    %jmp T_0;
    .thread T_0;
    .scope S_00000167e3ffa1a0;
T_1 ;
    %wait E_00000167e4014f30;
    %load/vec4 v00000167e4065760_0;
    %dup/vec4;
    %pushi/vec4 0, 0, 4;
    %cmp/u;
    %jmp/1 T_1.0, 6;
    %dup/vec4;
    %pushi/vec4 1, 0, 4;
    %cmp/u;
    %jmp/1 T_1.1, 6;
    %dup/vec4;
    %pushi/vec4 2, 0, 4;
    %cmp/u;
    %jmp/1 T_1.2, 6;
    %dup/vec4;
    %pushi/vec4 3, 0, 4;
    %cmp/u;
    %jmp/1 T_1.3, 6;
    %dup/vec4;
    %pushi/vec4 4, 0, 4;
    %cmp/u;
    %jmp/1 T_1.4, 6;
    %dup/vec4;
    %pushi/vec4 5, 0, 4;
    %cmp/u;
    %jmp/1 T_1.5, 6;
    %dup/vec4;
    %pushi/vec4 6, 0, 4;
    %cmp/u;
    %jmp/1 T_1.6, 6;
    %dup/vec4;
    %pushi/vec4 7, 0, 4;
    %cmp/u;
    %jmp/1 T_1.7, 6;
    %dup/vec4;
    %pushi/vec4 8, 0, 4;
    %cmp/u;
    %jmp/1 T_1.8, 6;
    %dup/vec4;
    %pushi/vec4 9, 0, 4;
    %cmp/u;
    %jmp/1 T_1.9, 6;
    %dup/vec4;
    %pushi/vec4 10, 0, 4;
    %cmp/u;
    %jmp/1 T_1.10, 6;
    %dup/vec4;
    %pushi/vec4 11, 0, 4;
    %cmp/u;
    %jmp/1 T_1.11, 6;
    %pushi/vec4 65535, 65535, 16;
    %assign/vec4 v00000167e3fd2d10_0, 2;
    %jmp T_1.13;
T_1.0 ;
    %load/vec4 v00000167e4017ef0_0;
    %load/vec4 v00000167e40f9ed0_0;
    %add;
    %assign/vec4 v00000167e3fd2d10_0, 2;
    %jmp T_1.13;
T_1.1 ;
    %load/vec4 v00000167e4017ef0_0;
    %load/vec4 v00000167e40f9ed0_0;
    %sub;
    %assign/vec4 v00000167e3fd2d10_0, 2;
    %jmp T_1.13;
T_1.2 ;
    %load/vec4 v00000167e4017ef0_0;
    %load/vec4 v00000167e40f9ed0_0;
    %mul;
    %assign/vec4 v00000167e3fd2d10_0, 2;
    %jmp T_1.13;
T_1.3 ;
    %load/vec4 v00000167e4017ef0_0;
    %assign/vec4 v00000167e3fd2d10_0, 2;
    %jmp T_1.13;
T_1.4 ;
    %load/vec4 v00000167e40f9ed0_0;
    %assign/vec4 v00000167e3fd2d10_0, 2;
    %jmp T_1.13;
T_1.5 ;
    %load/vec4 v00000167e4017ef0_0;
    %load/vec4 v00000167e40f9ed0_0;
    %and;
    %assign/vec4 v00000167e3fd2d10_0, 2;
    %jmp T_1.13;
T_1.6 ;
    %load/vec4 v00000167e4017ef0_0;
    %load/vec4 v00000167e40f9ed0_0;
    %or;
    %assign/vec4 v00000167e3fd2d10_0, 2;
    %jmp T_1.13;
T_1.7 ;
    %load/vec4 v00000167e4017ef0_0;
    %load/vec4 v00000167e40f9ed0_0;
    %xor;
    %assign/vec4 v00000167e3fd2d10_0, 2;
    %jmp T_1.13;
T_1.8 ;
    %load/vec4 v00000167e4017ef0_0;
    %inv;
    %pushi/vec4 1, 0, 16;
    %add;
    %assign/vec4 v00000167e3fd2d10_0, 2;
    %jmp T_1.13;
T_1.9 ;
    %load/vec4 v00000167e40f9ed0_0;
    %inv;
    %pushi/vec4 1, 0, 16;
    %add;
    %assign/vec4 v00000167e3fd2d10_0, 2;
    %jmp T_1.13;
T_1.10 ;
    %load/vec4 v00000167e4017ef0_0;
    %ix/load 4, 1, 0;
    %flag_set/imm 4, 0;
    %shiftr 4;
    %assign/vec4 v00000167e3fd2d10_0, 2;
    %jmp T_1.13;
T_1.11 ;
    %load/vec4 v00000167e4017ef0_0;
    %ix/load 4, 1, 0;
    %flag_set/imm 4, 0;
    %shiftl 4;
    %assign/vec4 v00000167e3fd2d10_0, 2;
    %jmp T_1.13;
T_1.13 ;
    %pop/vec4 1;
    %load/vec4 v00000167e3fd2c70_0;
    %assign/vec4 v00000167e3fd2e50_0, 2;
    %load/vec4 v00000167e3fd2b30_0;
    %assign/vec4 v00000167e3fd2db0_0, 2;
    %jmp T_1;
    .thread T_1;
    .scope S_00000167e3ffa1a0;
T_2 ;
    %wait E_00000167e40148b0;
    %load/vec4 v00000167e3fd2d10_0;
    %ix/getv 3, v00000167e3fd2e50_0;
    %ix/load 4, 2, 0; Constant delay
    %assign/vec4/a/d v00000167e4002450, 0, 4;
    %load/vec4 v00000167e3fd2d10_0;
    %assign/vec4 v00000167e3fd2ef0_0, 2;
    %load/vec4 v00000167e3fd2db0_0;
    %assign/vec4 v00000167e4065440_0, 2;
    %jmp T_2;
    .thread T_2;
    .scope S_00000167e3ffa1a0;
T_3 ;
    %wait E_00000167e4014f30;
    %load/vec4 v00000167e3fd2ef0_0;
    %ix/getv 3, v00000167e4065440_0;
    %ix/load 4, 2, 0; Constant delay
    %assign/vec4/a/d v00000167e4001a50, 0, 4;
    %jmp T_3;
    .thread T_3;
    .scope S_00000167e40fade0;
T_4 ;
    %pushi/vec4 0, 0, 1;
    %store/vec4 v00000167e4001730_0, 0, 1;
    %pushi/vec4 0, 0, 1;
    %store/vec4 v00000167e40019b0_0, 0, 1;
    %pushi/vec4 20, 0, 32;
T_4.0 %dup/vec4;
    %pushi/vec4 0, 0, 32;
    %cmp/s;
    %jmp/1xz T_4.1, 5;
    %jmp/1 T_4.1, 4;
    %pushi/vec4 1, 0, 32;
    %sub;
    %delay 5, 0;
    %pushi/vec4 1, 0, 1;
    %store/vec4 v00000167e4001730_0, 0, 1;
    %delay 5, 0;
    %pushi/vec4 0, 0, 1;
    %store/vec4 v00000167e4001730_0, 0, 1;
    %delay 5, 0;
    %pushi/vec4 1, 0, 1;
    %store/vec4 v00000167e40019b0_0, 0, 1;
    %delay 5, 0;
    %pushi/vec4 0, 0, 1;
    %store/vec4 v00000167e40019b0_0, 0, 1;
    %jmp T_4.0;
T_4.1 ;
    %pop/vec4 1;
    %end;
    .thread T_4;
    .scope S_00000167e40fade0;
T_5 ;
    %pushi/vec4 0, 0, 32;
    %store/vec4 v00000167e4002590_0, 0, 32;
T_5.0 ;
    %load/vec4 v00000167e4002590_0;
    %cmpi/s 16, 0, 32;
    %jmp/0xz T_5.1, 5;
    %load/vec4 v00000167e4002590_0;
    %pad/s 16;
    %ix/getv/s 4, v00000167e4002590_0;
    %store/vec4a v00000167e4002450, 4, 0;
    %load/vec4 v00000167e4002590_0;
    %addi 1, 0, 32;
    %store/vec4 v00000167e4002590_0, 0, 32;
    %jmp T_5.0;
T_5.1 ;
    %end;
    .thread T_5;
    .scope S_00000167e40fade0;
T_6 ;
    %delay 5, 0;
    %pushi/vec4 3, 0, 4;
    %store/vec4 v00000167e4001c30_0, 0, 4;
    %pushi/vec4 5, 0, 4;
    %store/vec4 v00000167e4001cd0_0, 0, 4;
    %pushi/vec4 10, 0, 4;
    %store/vec4 v00000167e4001eb0_0, 0, 4;
    %pushi/vec4 0, 0, 4;
    %store/vec4 v00000167e4001690_0, 0, 4;
    %pushi/vec4 125, 0, 8;
    %store/vec4 v00000167e4001b90_0, 0, 8;
    %delay 20, 0;
    %pushi/vec4 3, 0, 4;
    %store/vec4 v00000167e4001c30_0, 0, 4;
    %pushi/vec4 8, 0, 4;
    %store/vec4 v00000167e4001cd0_0, 0, 4;
    %pushi/vec4 12, 0, 4;
    %store/vec4 v00000167e4001eb0_0, 0, 4;
    %pushi/vec4 2, 0, 4;
    %store/vec4 v00000167e4001690_0, 0, 4;
    %pushi/vec4 126, 0, 8;
    %store/vec4 v00000167e4001b90_0, 0, 8;
    %delay 40, 0;
    %pushi/vec4 125, 0, 32;
    %store/vec4 v00000167e4002590_0, 0, 32;
T_6.0 ;
    %load/vec4 v00000167e4002590_0;
    %cmpi/s 131, 0, 32;
    %jmp/0xz T_6.1, 5;
    %vpi_call 2 33 "$display", "Mem[%3d] = %3d", v00000167e4002590_0, &A<v00000167e4001a50, v00000167e4002590_0 > {0 0 0};
    %load/vec4 v00000167e4002590_0;
    %addi 1, 0, 32;
    %store/vec4 v00000167e4002590_0, 0, 32;
    %jmp T_6.0;
T_6.1 ;
    %end;
    .thread T_6;
    .scope S_00000167e40fade0;
T_7 ;
    %vpi_call 2 38 "$monitor", "Time: %3d, F-%3d", $time, v00000167e4001910_0 {0 0 0};
    %end;
    .thread T_7;
# The file index is used to find the file name in the following table.
:file_names 4;
    "N/A";
    "<interactive>";
    "pipe_ex2_tb.v";
    "./pipe_ex2.v";
