#! /c/Source/iverilog-install/bin/vvp
:ivl_version "12.0 (devel)" "(s20150603-1539-g2693dd32b)";
:ivl_delay_selection "TYPICAL";
:vpi_time_precision + 0;
:vpi_module "C:\iverilog\lib\ivl\system.vpi";
:vpi_module "C:\iverilog\lib\ivl\vhdl_sys.vpi";
:vpi_module "C:\iverilog\lib\ivl\vhdl_textio.vpi";
:vpi_module "C:\iverilog\lib\ivl\v2005_math.vpi";
:vpi_module "C:\iverilog\lib\ivl\va_math.vpi";
S_000001c74d82d3a0 .scope module, "MUL_test" "MUL_test" 2 4;
 .timescale 0 0;
v000001c74d8e2b10_0 .net "LdA", 0 0, v000001c74d86e720_0;  1 drivers
v000001c74d8e2570_0 .net "LdB", 0 0, v000001c74d872ce0_0;  1 drivers
v000001c74d8e2610_0 .net "LdP", 0 0, v000001c74d874e80_0;  1 drivers
v000001c74d8e1df0_0 .var "clk", 0 0;
v000001c74d8e3150_0 .net "clrP", 0 0, v000001c74d82d6c0_0;  1 drivers
v000001c74d8e2110_0 .var "data_in", 15 0;
v000001c74d8e2d90_0 .net "decB", 0 0, v000001c74d82d760_0;  1 drivers
v000001c74d8e3790_0 .net "done", 0 0, v000001c74d82ca20_0;  1 drivers
v000001c74d8e1e90_0 .net "eqz", 0 0, L_000001c74d8e2750;  1 drivers
v000001c74d8e2bb0_0 .var "start", 0 0;
S_000001c74d82d530 .scope module, "CON" "controller" 2 11, 3 1 0, S_000001c74d82d3a0;
 .timescale 0 0;
    .port_info 0 /OUTPUT 1 "LdA";
    .port_info 1 /OUTPUT 1 "LdB";
    .port_info 2 /OUTPUT 1 "LdP";
    .port_info 3 /OUTPUT 1 "clrP";
    .port_info 4 /OUTPUT 1 "decB";
    .port_info 5 /OUTPUT 1 "done";
    .port_info 6 /INPUT 1 "clk";
    .port_info 7 /INPUT 1 "eqz";
    .port_info 8 /INPUT 1 "start";
P_000001c74d866680 .param/l "S0" 0 3 7, C4<000>;
P_000001c74d8666b8 .param/l "S1" 0 3 7, C4<001>;
P_000001c74d8666f0 .param/l "S2" 0 3 7, C4<010>;
P_000001c74d866728 .param/l "S3" 0 3 7, C4<011>;
P_000001c74d866760 .param/l "S4" 0 3 7, C4<100>;
v000001c74d86e720_0 .var "LdA", 0 0;
v000001c74d872ce0_0 .var "LdB", 0 0;
v000001c74d874e80_0 .var "LdP", 0 0;
v000001c74d874f20_0 .net "clk", 0 0, v000001c74d8e1df0_0;  1 drivers
v000001c74d82d6c0_0 .var "clrP", 0 0;
v000001c74d82d760_0 .var "decB", 0 0;
v000001c74d82ca20_0 .var "done", 0 0;
v000001c74d82cac0_0 .net "eqz", 0 0, L_000001c74d8e2750;  alias, 1 drivers
v000001c74d82cb60_0 .net "start", 0 0, v000001c74d8e2bb0_0;  1 drivers
v000001c74d82cc00_0 .var "state", 2 0;
E_000001c74d86b7d0 .event anyedge, v000001c74d82cc00_0;
E_000001c74d86b590 .event posedge, v000001c74d874f20_0;
S_000001c74d82cca0 .scope module, "DP" "MUL_datapath" 2 10, 4 1 0, S_000001c74d82d3a0;
 .timescale 0 0;
    .port_info 0 /OUTPUT 1 "eqz";
    .port_info 1 /INPUT 1 "LdA";
    .port_info 2 /INPUT 1 "LdB";
    .port_info 3 /INPUT 1 "LdP";
    .port_info 4 /INPUT 1 "clrP";
    .port_info 5 /INPUT 1 "decB";
    .port_info 6 /INPUT 16 "data_in";
    .port_info 7 /INPUT 1 "clk";
v000001c74d8e0980_0 .net "Bout", 15 0, v000001c74d8e1600_0;  1 drivers
v000001c74d8e0b60_0 .net "LdA", 0 0, v000001c74d86e720_0;  alias, 1 drivers
v000001c74d8e0c00_0 .net "LdB", 0 0, v000001c74d872ce0_0;  alias, 1 drivers
v000001c74d8e2250_0 .net "LdP", 0 0, v000001c74d874e80_0;  alias, 1 drivers
v000001c74d8e1d50_0 .net "X", 15 0, v000001c74d8e1420_0;  1 drivers
v000001c74d8e3290_0 .net "Y", 15 0, v000001c74d8e0e80_0;  1 drivers
v000001c74d8e2f70_0 .net "Z", 15 0, v000001c74d8e1060_0;  1 drivers
v000001c74d8e2c50_0 .net "clk", 0 0, v000001c74d8e1df0_0;  alias, 1 drivers
v000001c74d8e31f0_0 .net "clrP", 0 0, v000001c74d82d6c0_0;  alias, 1 drivers
v000001c74d8e2890_0 .net "data_in", 15 0, v000001c74d8e2110_0;  1 drivers
v000001c74d8e22f0_0 .net "decB", 0 0, v000001c74d82d760_0;  alias, 1 drivers
v000001c74d8e3330_0 .net "eqz", 0 0, L_000001c74d8e2750;  alias, 1 drivers
S_000001c74d887d60 .scope module, "A" "PIPO1" 4 8, 4 18 0, S_000001c74d82cca0;
 .timescale 0 0;
    .port_info 0 /OUTPUT 16 "dout";
    .port_info 1 /INPUT 16 "din";
    .port_info 2 /INPUT 1 "ld";
    .port_info 3 /INPUT 1 "clk";
v000001c74d8e16a0_0 .net "clk", 0 0, v000001c74d8e1df0_0;  alias, 1 drivers
v000001c74d8e0a20_0 .net "din", 15 0, v000001c74d8e2110_0;  alias, 1 drivers
v000001c74d8e1420_0 .var "dout", 15 0;
v000001c74d8e0f20_0 .net "ld", 0 0, v000001c74d86e720_0;  alias, 1 drivers
S_000001c74d887ef0 .scope module, "AD" "ADD" 4 12, 4 43 0, S_000001c74d82cca0;
 .timescale 0 0;
    .port_info 0 /OUTPUT 16 "out";
    .port_info 1 /INPUT 16 "in1";
    .port_info 2 /INPUT 16 "in2";
v000001c74d8e1240_0 .net "in1", 15 0, v000001c74d8e1420_0;  alias, 1 drivers
v000001c74d8e0ca0_0 .net "in2", 15 0, v000001c74d8e0e80_0;  alias, 1 drivers
v000001c74d8e1060_0 .var "out", 15 0;
E_000001c74d86b650 .event anyedge, v000001c74d8e1420_0, v000001c74d8e0ca0_0;
S_000001c74d87a820 .scope module, "B" "CNTR" 4 11, 4 64 0, S_000001c74d82cca0;
 .timescale 0 0;
    .port_info 0 /OUTPUT 16 "dout";
    .port_info 1 /INPUT 16 "din";
    .port_info 2 /INPUT 1 "ld";
    .port_info 3 /INPUT 1 "dec";
    .port_info 4 /INPUT 1 "clk";
v000001c74d8e08e0_0 .net "clk", 0 0, v000001c74d8e1df0_0;  alias, 1 drivers
v000001c74d8e0fc0_0 .net "dec", 0 0, v000001c74d82d760_0;  alias, 1 drivers
v000001c74d8e12e0_0 .net "din", 15 0, v000001c74d8e2110_0;  alias, 1 drivers
v000001c74d8e1600_0 .var "dout", 15 0;
v000001c74d8e1380_0 .net "ld", 0 0, v000001c74d872ce0_0;  alias, 1 drivers
S_000001c74d87a9b0 .scope module, "COMP" "EQZ" 4 13, 4 54 0, S_000001c74d82cca0;
 .timescale 0 0;
    .port_info 0 /OUTPUT 1 "eqz";
    .port_info 1 /INPUT 16 "data";
v000001c74d8e0d40_0 .net *"_ivl_0", 31 0, L_000001c74d8e2390;  1 drivers
L_000001c74d8e48c8 .functor BUFT 1, C4<0000000000000000>, C4<0>, C4<0>, C4<0>;
v000001c74d8e14c0_0 .net *"_ivl_3", 15 0, L_000001c74d8e48c8;  1 drivers
L_000001c74d8e4910 .functor BUFT 1, C4<00000000000000000000000000000000>, C4<0>, C4<0>, C4<0>;
v000001c74d8e11a0_0 .net/2u *"_ivl_4", 31 0, L_000001c74d8e4910;  1 drivers
v000001c74d8e0de0_0 .net "data", 15 0, v000001c74d8e1600_0;  alias, 1 drivers
v000001c74d8e0ac0_0 .net "eqz", 0 0, L_000001c74d8e2750;  alias, 1 drivers
L_000001c74d8e2390 .concat [ 16 16 0 0], v000001c74d8e1600_0, L_000001c74d8e48c8;
L_000001c74d8e2750 .cmp/eq 32, L_000001c74d8e2390, L_000001c74d8e4910;
S_000001c74d8794e0 .scope module, "P" "PIPO2" 4 9, 4 30 0, S_000001c74d82cca0;
 .timescale 0 0;
    .port_info 0 /OUTPUT 16 "dout";
    .port_info 1 /INPUT 16 "din";
    .port_info 2 /INPUT 1 "ld";
    .port_info 3 /INPUT 1 "clr";
    .port_info 4 /INPUT 1 "clk";
v000001c74d8e1560_0 .net "clk", 0 0, v000001c74d8e1df0_0;  alias, 1 drivers
v000001c74d8e1740_0 .net "clr", 0 0, v000001c74d82d6c0_0;  alias, 1 drivers
v000001c74d8e17e0_0 .net "din", 15 0, v000001c74d8e1060_0;  alias, 1 drivers
v000001c74d8e0e80_0 .var "dout", 15 0;
v000001c74d8e1100_0 .net "ld", 0 0, v000001c74d874e80_0;  alias, 1 drivers
    .scope S_000001c74d887d60;
T_0 ;
    %wait E_000001c74d86b590;
    %load/vec4 v000001c74d8e0f20_0;
    %flag_set/vec4 8;
    %jmp/0xz  T_0.0, 8;
    %load/vec4 v000001c74d8e0a20_0;
    %assign/vec4 v000001c74d8e1420_0, 0;
T_0.0 ;
    %jmp T_0;
    .thread T_0;
    .scope S_000001c74d8794e0;
T_1 ;
    %wait E_000001c74d86b590;
    %load/vec4 v000001c74d8e1740_0;
    %flag_set/vec4 8;
    %jmp/0xz  T_1.0, 8;
    %pushi/vec4 0, 0, 16;
    %assign/vec4 v000001c74d8e0e80_0, 0;
    %jmp T_1.1;
T_1.0 ;
    %load/vec4 v000001c74d8e1100_0;
    %flag_set/vec4 8;
    %jmp/0xz  T_1.2, 8;
    %load/vec4 v000001c74d8e17e0_0;
    %assign/vec4 v000001c74d8e0e80_0, 0;
T_1.2 ;
T_1.1 ;
    %jmp T_1;
    .thread T_1;
    .scope S_000001c74d87a820;
T_2 ;
    %wait E_000001c74d86b590;
    %load/vec4 v000001c74d8e1380_0;
    %flag_set/vec4 8;
    %jmp/0xz  T_2.0, 8;
    %load/vec4 v000001c74d8e12e0_0;
    %assign/vec4 v000001c74d8e1600_0, 0;
    %jmp T_2.1;
T_2.0 ;
    %load/vec4 v000001c74d8e0fc0_0;
    %flag_set/vec4 8;
    %jmp/0xz  T_2.2, 8;
    %load/vec4 v000001c74d8e1600_0;
    %subi 1, 0, 16;
    %assign/vec4 v000001c74d8e1600_0, 0;
T_2.2 ;
T_2.1 ;
    %jmp T_2;
    .thread T_2;
    .scope S_000001c74d887ef0;
T_3 ;
    %wait E_000001c74d86b650;
    %load/vec4 v000001c74d8e1240_0;
    %load/vec4 v000001c74d8e0ca0_0;
    %add;
    %store/vec4 v000001c74d8e1060_0, 0, 16;
    %jmp T_3;
    .thread T_3, $push;
    .scope S_000001c74d82d530;
T_4 ;
    %wait E_000001c74d86b590;
    %load/vec4 v000001c74d82cc00_0;
    %dup/vec4;
    %pushi/vec4 0, 0, 3;
    %cmp/u;
    %jmp/1 T_4.0, 6;
    %dup/vec4;
    %pushi/vec4 1, 0, 3;
    %cmp/u;
    %jmp/1 T_4.1, 6;
    %dup/vec4;
    %pushi/vec4 2, 0, 3;
    %cmp/u;
    %jmp/1 T_4.2, 6;
    %dup/vec4;
    %pushi/vec4 3, 0, 3;
    %cmp/u;
    %jmp/1 T_4.3, 6;
    %dup/vec4;
    %pushi/vec4 4, 0, 3;
    %cmp/u;
    %jmp/1 T_4.4, 6;
    %pushi/vec4 0, 0, 3;
    %assign/vec4 v000001c74d82cc00_0, 0;
    %jmp T_4.6;
T_4.0 ;
    %load/vec4 v000001c74d82cb60_0;
    %flag_set/vec4 8;
    %jmp/0xz  T_4.7, 8;
    %pushi/vec4 1, 0, 3;
    %assign/vec4 v000001c74d82cc00_0, 0;
T_4.7 ;
    %jmp T_4.6;
T_4.1 ;
    %pushi/vec4 2, 0, 3;
    %assign/vec4 v000001c74d82cc00_0, 0;
    %jmp T_4.6;
T_4.2 ;
    %pushi/vec4 3, 0, 3;
    %assign/vec4 v000001c74d82cc00_0, 0;
    %jmp T_4.6;
T_4.3 ;
    %delay 2, 0;
    %load/vec4 v000001c74d82cac0_0;
    %flag_set/vec4 8;
    %jmp/0xz  T_4.9, 8;
    %pushi/vec4 4, 0, 3;
    %assign/vec4 v000001c74d82cc00_0, 0;
T_4.9 ;
    %jmp T_4.6;
T_4.4 ;
    %pushi/vec4 4, 0, 3;
    %assign/vec4 v000001c74d82cc00_0, 0;
    %jmp T_4.6;
T_4.6 ;
    %pop/vec4 1;
    %jmp T_4;
    .thread T_4;
    .scope S_000001c74d82d530;
T_5 ;
    %wait E_000001c74d86b7d0;
    %load/vec4 v000001c74d82cc00_0;
    %dup/vec4;
    %pushi/vec4 0, 0, 3;
    %cmp/u;
    %jmp/1 T_5.0, 6;
    %dup/vec4;
    %pushi/vec4 1, 0, 3;
    %cmp/u;
    %jmp/1 T_5.1, 6;
    %dup/vec4;
    %pushi/vec4 2, 0, 3;
    %cmp/u;
    %jmp/1 T_5.2, 6;
    %dup/vec4;
    %pushi/vec4 3, 0, 3;
    %cmp/u;
    %jmp/1 T_5.3, 6;
    %dup/vec4;
    %pushi/vec4 4, 0, 3;
    %cmp/u;
    %jmp/1 T_5.4, 6;
    %delay 1, 0;
    %pushi/vec4 0, 0, 1;
    %store/vec4 v000001c74d86e720_0, 0, 1;
    %pushi/vec4 0, 0, 1;
    %store/vec4 v000001c74d872ce0_0, 0, 1;
    %pushi/vec4 0, 0, 1;
    %store/vec4 v000001c74d874e80_0, 0, 1;
    %pushi/vec4 0, 0, 1;
    %store/vec4 v000001c74d82d6c0_0, 0, 1;
    %pushi/vec4 0, 0, 1;
    %store/vec4 v000001c74d82d760_0, 0, 1;
    %jmp T_5.6;
T_5.0 ;
    %delay 1, 0;
    %pushi/vec4 0, 0, 1;
    %store/vec4 v000001c74d86e720_0, 0, 1;
    %pushi/vec4 0, 0, 1;
    %store/vec4 v000001c74d872ce0_0, 0, 1;
    %pushi/vec4 0, 0, 1;
    %store/vec4 v000001c74d874e80_0, 0, 1;
    %pushi/vec4 0, 0, 1;
    %store/vec4 v000001c74d82d6c0_0, 0, 1;
    %pushi/vec4 0, 0, 1;
    %store/vec4 v000001c74d82d760_0, 0, 1;
    %jmp T_5.6;
T_5.1 ;
    %delay 1, 0;
    %pushi/vec4 1, 0, 1;
    %store/vec4 v000001c74d86e720_0, 0, 1;
    %jmp T_5.6;
T_5.2 ;
    %delay 1, 0;
    %pushi/vec4 0, 0, 1;
    %store/vec4 v000001c74d86e720_0, 0, 1;
    %pushi/vec4 1, 0, 1;
    %store/vec4 v000001c74d872ce0_0, 0, 1;
    %pushi/vec4 1, 0, 1;
    %store/vec4 v000001c74d82d6c0_0, 0, 1;
    %jmp T_5.6;
T_5.3 ;
    %delay 1, 0;
    %pushi/vec4 0, 0, 1;
    %store/vec4 v000001c74d872ce0_0, 0, 1;
    %pushi/vec4 1, 0, 1;
    %store/vec4 v000001c74d874e80_0, 0, 1;
    %pushi/vec4 0, 0, 1;
    %store/vec4 v000001c74d82d6c0_0, 0, 1;
    %pushi/vec4 1, 0, 1;
    %store/vec4 v000001c74d82d760_0, 0, 1;
    %jmp T_5.6;
T_5.4 ;
    %delay 1, 0;
    %pushi/vec4 1, 0, 1;
    %store/vec4 v000001c74d82ca20_0, 0, 1;
    %pushi/vec4 0, 0, 1;
    %store/vec4 v000001c74d872ce0_0, 0, 1;
    %pushi/vec4 0, 0, 1;
    %store/vec4 v000001c74d874e80_0, 0, 1;
    %pushi/vec4 0, 0, 1;
    %store/vec4 v000001c74d82d760_0, 0, 1;
    %jmp T_5.6;
T_5.6 ;
    %pop/vec4 1;
    %jmp T_5;
    .thread T_5, $push;
    .scope S_000001c74d82d3a0;
T_6 ;
    %pushi/vec4 0, 0, 1;
    %store/vec4 v000001c74d8e1df0_0, 0, 1;
    %delay 3, 0;
    %pushi/vec4 1, 0, 1;
    %store/vec4 v000001c74d8e2bb0_0, 0, 1;
    %delay 500, 0;
    %vpi_call 2 17 "$finish" {0 0 0};
    %end;
    .thread T_6;
    .scope S_000001c74d82d3a0;
T_7 ;
    %delay 5, 0;
    %load/vec4 v000001c74d8e1df0_0;
    %inv;
    %store/vec4 v000001c74d8e1df0_0, 0, 1;
    %jmp T_7;
    .thread T_7;
    .scope S_000001c74d82d3a0;
T_8 ;
    %delay 17, 0;
    %pushi/vec4 17, 0, 16;
    %store/vec4 v000001c74d8e2110_0, 0, 16;
    %delay 10, 0;
    %pushi/vec4 5, 0, 16;
    %store/vec4 v000001c74d8e2110_0, 0, 16;
    %end;
    .thread T_8;
    .scope S_000001c74d82d3a0;
T_9 ;
    %vpi_call 2 28 "$monitor", $time, "%d %b", v000001c74d8e3290_0, v000001c74d8e3790_0 {0 0 0};
    %end;
    .thread T_9;
# The file index is used to find the file name in the following table.
:file_names 5;
    "N/A";
    "<interactive>";
    "mul_test.v";
    "./controller.v";
    "./mul_datapath.v";
