#! /c/Source/iverilog-install/bin/vvp
:ivl_version "12.0 (devel)" "(s20150603-1539-g2693dd32b)";
:ivl_delay_selection "TYPICAL";
:vpi_time_precision + 0;
:vpi_module "C:\iverilog\lib\ivl\system.vpi";
:vpi_module "C:\iverilog\lib\ivl\vhdl_sys.vpi";
:vpi_module "C:\iverilog\lib\ivl\vhdl_textio.vpi";
:vpi_module "C:\iverilog\lib\ivl\v2005_math.vpi";
:vpi_module "C:\iverilog\lib\ivl\va_math.vpi";
S_00000187fbbc43c0 .scope module, "pipe_MIPS32_tb" "pipe_MIPS32_tb" 2 2;
 .timescale 0 0;
v00000187fbc3fe80_0 .var "clk1", 0 0;
v00000187fbc3ff20_0 .var "clk2", 0 0;
v00000187fbc40100_0 .var/i "k", 31 0;
S_00000187fbbdd0b0 .scope module, "mips" "pipe_MIPS32" 2 7, 3 1 0, S_00000187fbbc43c0;
 .timescale 0 0;
    .port_info 0 /INPUT 1 "clk1";
    .port_info 1 /INPUT 1 "clk2";
P_00000187fbb06b10 .param/l "ADD" 0 3 16, C4<000000>;
P_00000187fbb06b48 .param/l "ADDI" 0 3 19, C4<001010>;
P_00000187fbb06b80 .param/l "AND" 0 3 16, C4<000010>;
P_00000187fbb06bb8 .param/l "BEQZ" 0 3 20, C4<001110>;
P_00000187fbb06bf0 .param/l "BNEQZ" 0 3 20, C4<001101>;
P_00000187fbb06c28 .param/l "BRANCH" 0 3 23, C4<100>;
P_00000187fbb06c60 .param/l "HALT" 0 3 23, C4<101>;
P_00000187fbb06c98 .param/l "HLT" 0 3 18, C4<111111>;
P_00000187fbb06cd0 .param/l "LOAD" 0 3 22, C4<010>;
P_00000187fbb06d08 .param/l "LW" 0 3 18, C4<001000>;
P_00000187fbb06d40 .param/l "MUL" 0 3 17, C4<000101>;
P_00000187fbb06d78 .param/l "OR" 0 3 17, C4<000011>;
P_00000187fbb06db0 .param/l "RM_ALU" 0 3 22, C4<001>;
P_00000187fbb06de8 .param/l "RR_ALU" 0 3 22, C4<000>;
P_00000187fbb06e20 .param/l "SLT" 0 3 17, C4<000100>;
P_00000187fbb06e58 .param/l "SLTI" 0 3 19, C4<001100>;
P_00000187fbb06e90 .param/l "STORE" 0 3 23, C4<011>;
P_00000187fbb06ec8 .param/l "SUB" 0 3 16, C4<000001>;
P_00000187fbb06f00 .param/l "SUBI" 0 3 19, C4<001011>;
P_00000187fbb06f38 .param/l "SW" 0 3 18, C4<001001>;
v00000187fbbbe260_0 .var "EX_MEM_ALUOut", 31 0;
v00000187fbbc3b40_0 .var "EX_MEM_B", 31 0;
v00000187fbbc4550_0 .var "EX_MEM_IR", 31 0;
v00000187fbbb6f20_0 .var "EX_MEM_cond", 0 0;
v00000187fbbc4120_0 .var "EX_MEM_type", 2 0;
v00000187fbbc41c0_0 .var "HALTED", 0 0;
v00000187fbbdd240_0 .var "ID_EX_A", 31 0;
v00000187fbbdd2e0_0 .var "ID_EX_B", 31 0;
v00000187fbbdd380_0 .var "ID_EX_IR", 31 0;
v00000187fbbdd420_0 .var "ID_EX_Imm", 31 0;
v00000187fbc3f430_0 .var "ID_EX_NPC", 31 0;
v00000187fbc3f4d0_0 .var "ID_EX_type", 2 0;
v00000187fbc3f570_0 .var "IF_ID_IR", 31 0;
v00000187fbc3f610_0 .var "IF_ID_NPC", 31 0;
v00000187fbc3f6b0_0 .var "MEM_WB_ALUOut", 31 0;
v00000187fbc3fac0_0 .var "MEM_WB_IR", 31 0;
v00000187fbc3f8e0_0 .var "MEM_WB_LMD", 31 0;
v00000187fbc40240_0 .var "MEM_WB_type", 2 0;
v00000187fbc3f840 .array "Mem", 1023 0, 31 0;
v00000187fbc3fca0_0 .var "PC", 31 0;
v00000187fbc3fd40 .array "Reg", 31 0, 31 0;
v00000187fbc3fde0_0 .var "TAKEN_BRANCH", 0 0;
v00000187fbc40060_0 .net "clk1", 0 0, v00000187fbc3fe80_0;  1 drivers
v00000187fbc3fb60_0 .net "clk2", 0 0, v00000187fbc3ff20_0;  1 drivers
E_00000187fbbc02c0 .event posedge, v00000187fbc40060_0;
E_00000187fbbc0100 .event posedge, v00000187fbc3fb60_0;
    .scope S_00000187fbbdd0b0;
T_0 ;
    %wait E_00000187fbbc02c0;
    %load/vec4 v00000187fbbc41c0_0;
    %pad/u 32;
    %cmpi/e 0, 0, 32;
    %jmp/0xz  T_0.0, 4;
    %load/vec4 v00000187fbbc4550_0;
    %parti/s 6, 26, 6;
    %cmpi/e 14, 0, 6;
    %flag_get/vec4 4;
    %jmp/0 T_0.5, 4;
    %load/vec4 v00000187fbbb6f20_0;
    %pad/u 32;
    %pushi/vec4 1, 0, 32;
    %cmp/e;
    %flag_get/vec4 4;
    %and;
T_0.5;
    %flag_set/vec4 8;
    %jmp/1 T_0.4, 8;
    %load/vec4 v00000187fbbc4550_0;
    %parti/s 6, 26, 6;
    %cmpi/e 13, 0, 6;
    %flag_get/vec4 4;
    %jmp/0 T_0.6, 4;
    %load/vec4 v00000187fbbb6f20_0;
    %pad/u 32;
    %pushi/vec4 0, 0, 32;
    %cmp/e;
    %flag_get/vec4 4;
    %and;
T_0.6;
    %flag_set/vec4 9;
    %flag_or 8, 9;
T_0.4;
    %jmp/0xz  T_0.2, 8;
    %ix/getv 4, v00000187fbbbe260_0;
    %load/vec4a v00000187fbc3f840, 4;
    %assign/vec4 v00000187fbc3f570_0, 2;
    %pushi/vec4 1, 0, 1;
    %assign/vec4 v00000187fbc3fde0_0, 2;
    %load/vec4 v00000187fbbbe260_0;
    %addi 1, 0, 32;
    %assign/vec4 v00000187fbc3f610_0, 2;
    %load/vec4 v00000187fbbbe260_0;
    %addi 1, 0, 32;
    %assign/vec4 v00000187fbc3fca0_0, 2;
    %jmp T_0.3;
T_0.2 ;
    %ix/getv 4, v00000187fbc3fca0_0;
    %load/vec4a v00000187fbc3f840, 4;
    %assign/vec4 v00000187fbc3f570_0, 2;
    %load/vec4 v00000187fbc3fca0_0;
    %addi 1, 0, 32;
    %assign/vec4 v00000187fbc3f610_0, 2;
    %load/vec4 v00000187fbc3fca0_0;
    %addi 1, 0, 32;
    %assign/vec4 v00000187fbc3fca0_0, 2;
T_0.3 ;
T_0.0 ;
    %jmp T_0;
    .thread T_0;
    .scope S_00000187fbbdd0b0;
T_1 ;
    %wait E_00000187fbbc0100;
    %load/vec4 v00000187fbbc41c0_0;
    %pad/u 32;
    %cmpi/e 0, 0, 32;
    %jmp/0xz  T_1.0, 4;
    %load/vec4 v00000187fbc3f570_0;
    %parti/s 5, 21, 6;
    %cmpi/e 0, 0, 5;
    %jmp/0xz  T_1.2, 4;
    %pushi/vec4 0, 0, 32;
    %assign/vec4 v00000187fbbdd240_0, 0;
    %jmp T_1.3;
T_1.2 ;
    %load/vec4 v00000187fbc3f570_0;
    %parti/s 5, 21, 6;
    %pad/u 7;
    %ix/vec4 4;
    %load/vec4a v00000187fbc3fd40, 4;
    %assign/vec4 v00000187fbbdd240_0, 2;
T_1.3 ;
    %load/vec4 v00000187fbc3f570_0;
    %parti/s 5, 16, 6;
    %cmpi/e 0, 0, 5;
    %jmp/0xz  T_1.4, 4;
    %pushi/vec4 0, 0, 32;
    %assign/vec4 v00000187fbbdd2e0_0, 0;
    %jmp T_1.5;
T_1.4 ;
    %load/vec4 v00000187fbc3f570_0;
    %parti/s 5, 16, 6;
    %pad/u 7;
    %ix/vec4 4;
    %load/vec4a v00000187fbc3fd40, 4;
    %assign/vec4 v00000187fbbdd2e0_0, 2;
T_1.5 ;
    %load/vec4 v00000187fbc3f610_0;
    %assign/vec4 v00000187fbc3f430_0, 2;
    %load/vec4 v00000187fbc3f570_0;
    %assign/vec4 v00000187fbbdd380_0, 2;
    %load/vec4 v00000187fbc3f570_0;
    %parti/s 1, 15, 5;
    %replicate 16;
    %load/vec4 v00000187fbc3f570_0;
    %parti/s 16, 0, 2;
    %concat/vec4; draw_concat_vec4
    %assign/vec4 v00000187fbbdd420_0, 2;
    %load/vec4 v00000187fbc3f570_0;
    %parti/s 6, 26, 6;
    %dup/vec4;
    %pushi/vec4 0, 0, 6;
    %cmp/u;
    %jmp/1 T_1.6, 6;
    %dup/vec4;
    %pushi/vec4 1, 0, 6;
    %cmp/u;
    %jmp/1 T_1.7, 6;
    %dup/vec4;
    %pushi/vec4 2, 0, 6;
    %cmp/u;
    %jmp/1 T_1.8, 6;
    %dup/vec4;
    %pushi/vec4 3, 0, 6;
    %cmp/u;
    %jmp/1 T_1.9, 6;
    %dup/vec4;
    %pushi/vec4 4, 0, 6;
    %cmp/u;
    %jmp/1 T_1.10, 6;
    %dup/vec4;
    %pushi/vec4 5, 0, 6;
    %cmp/u;
    %jmp/1 T_1.11, 6;
    %dup/vec4;
    %pushi/vec4 10, 0, 6;
    %cmp/u;
    %jmp/1 T_1.12, 6;
    %dup/vec4;
    %pushi/vec4 11, 0, 6;
    %cmp/u;
    %jmp/1 T_1.13, 6;
    %dup/vec4;
    %pushi/vec4 12, 0, 6;
    %cmp/u;
    %jmp/1 T_1.14, 6;
    %dup/vec4;
    %pushi/vec4 8, 0, 6;
    %cmp/u;
    %jmp/1 T_1.15, 6;
    %dup/vec4;
    %pushi/vec4 9, 0, 6;
    %cmp/u;
    %jmp/1 T_1.16, 6;
    %dup/vec4;
    %pushi/vec4 13, 0, 6;
    %cmp/u;
    %jmp/1 T_1.17, 6;
    %dup/vec4;
    %pushi/vec4 14, 0, 6;
    %cmp/u;
    %jmp/1 T_1.18, 6;
    %dup/vec4;
    %pushi/vec4 63, 0, 6;
    %cmp/u;
    %jmp/1 T_1.19, 6;
    %pushi/vec4 5, 0, 3;
    %assign/vec4 v00000187fbc3f4d0_0, 2;
    %jmp T_1.21;
T_1.6 ;
    %pushi/vec4 0, 0, 3;
    %assign/vec4 v00000187fbc3f4d0_0, 2;
    %jmp T_1.21;
T_1.7 ;
    %pushi/vec4 0, 0, 3;
    %assign/vec4 v00000187fbc3f4d0_0, 2;
    %jmp T_1.21;
T_1.8 ;
    %pushi/vec4 0, 0, 3;
    %assign/vec4 v00000187fbc3f4d0_0, 2;
    %jmp T_1.21;
T_1.9 ;
    %pushi/vec4 0, 0, 3;
    %assign/vec4 v00000187fbc3f4d0_0, 2;
    %jmp T_1.21;
T_1.10 ;
    %pushi/vec4 0, 0, 3;
    %assign/vec4 v00000187fbc3f4d0_0, 2;
    %jmp T_1.21;
T_1.11 ;
    %pushi/vec4 0, 0, 3;
    %assign/vec4 v00000187fbc3f4d0_0, 2;
    %jmp T_1.21;
T_1.12 ;
    %pushi/vec4 1, 0, 3;
    %assign/vec4 v00000187fbc3f4d0_0, 2;
    %jmp T_1.21;
T_1.13 ;
    %pushi/vec4 1, 0, 3;
    %assign/vec4 v00000187fbc3f4d0_0, 2;
    %jmp T_1.21;
T_1.14 ;
    %pushi/vec4 1, 0, 3;
    %assign/vec4 v00000187fbc3f4d0_0, 2;
    %jmp T_1.21;
T_1.15 ;
    %pushi/vec4 2, 0, 3;
    %assign/vec4 v00000187fbc3f4d0_0, 2;
    %jmp T_1.21;
T_1.16 ;
    %pushi/vec4 3, 0, 3;
    %assign/vec4 v00000187fbc3f4d0_0, 2;
    %jmp T_1.21;
T_1.17 ;
    %pushi/vec4 4, 0, 3;
    %assign/vec4 v00000187fbc3f4d0_0, 2;
    %jmp T_1.21;
T_1.18 ;
    %pushi/vec4 4, 0, 3;
    %assign/vec4 v00000187fbc3f4d0_0, 2;
    %jmp T_1.21;
T_1.19 ;
    %pushi/vec4 5, 0, 3;
    %assign/vec4 v00000187fbc3f4d0_0, 2;
    %jmp T_1.21;
T_1.21 ;
    %pop/vec4 1;
T_1.0 ;
    %jmp T_1;
    .thread T_1;
    .scope S_00000187fbbdd0b0;
T_2 ;
    %wait E_00000187fbbc02c0;
    %load/vec4 v00000187fbbc41c0_0;
    %pad/u 32;
    %cmpi/e 0, 0, 32;
    %jmp/0xz  T_2.0, 4;
    %load/vec4 v00000187fbc3f4d0_0;
    %assign/vec4 v00000187fbbc4120_0, 2;
    %load/vec4 v00000187fbbdd380_0;
    %assign/vec4 v00000187fbbc4550_0, 2;
    %pushi/vec4 0, 0, 1;
    %assign/vec4 v00000187fbc3fde0_0, 2;
    %load/vec4 v00000187fbc3f4d0_0;
    %dup/vec4;
    %pushi/vec4 0, 0, 3;
    %cmp/u;
    %jmp/1 T_2.2, 6;
    %dup/vec4;
    %pushi/vec4 1, 0, 3;
    %cmp/u;
    %jmp/1 T_2.3, 6;
    %dup/vec4;
    %pushi/vec4 2, 0, 3;
    %cmp/u;
    %jmp/1 T_2.4, 6;
    %dup/vec4;
    %pushi/vec4 3, 0, 3;
    %cmp/u;
    %jmp/1 T_2.5, 6;
    %dup/vec4;
    %pushi/vec4 4, 0, 3;
    %cmp/u;
    %jmp/1 T_2.6, 6;
    %jmp T_2.7;
T_2.2 ;
    %load/vec4 v00000187fbbdd380_0;
    %parti/s 6, 26, 6;
    %dup/vec4;
    %pushi/vec4 0, 0, 6;
    %cmp/u;
    %jmp/1 T_2.8, 6;
    %dup/vec4;
    %pushi/vec4 1, 0, 6;
    %cmp/u;
    %jmp/1 T_2.9, 6;
    %dup/vec4;
    %pushi/vec4 2, 0, 6;
    %cmp/u;
    %jmp/1 T_2.10, 6;
    %dup/vec4;
    %pushi/vec4 3, 0, 6;
    %cmp/u;
    %jmp/1 T_2.11, 6;
    %dup/vec4;
    %pushi/vec4 4, 0, 6;
    %cmp/u;
    %jmp/1 T_2.12, 6;
    %dup/vec4;
    %pushi/vec4 5, 0, 6;
    %cmp/u;
    %jmp/1 T_2.13, 6;
    %pushi/vec4 4294967295, 4294967295, 32;
    %assign/vec4 v00000187fbbbe260_0, 2;
    %jmp T_2.15;
T_2.8 ;
    %load/vec4 v00000187fbbdd240_0;
    %load/vec4 v00000187fbbdd2e0_0;
    %add;
    %assign/vec4 v00000187fbbbe260_0, 2;
    %jmp T_2.15;
T_2.9 ;
    %load/vec4 v00000187fbbdd240_0;
    %load/vec4 v00000187fbbdd2e0_0;
    %sub;
    %assign/vec4 v00000187fbbbe260_0, 2;
    %jmp T_2.15;
T_2.10 ;
    %load/vec4 v00000187fbbdd240_0;
    %load/vec4 v00000187fbbdd2e0_0;
    %and;
    %assign/vec4 v00000187fbbbe260_0, 2;
    %jmp T_2.15;
T_2.11 ;
    %load/vec4 v00000187fbbdd240_0;
    %load/vec4 v00000187fbbdd2e0_0;
    %or;
    %assign/vec4 v00000187fbbbe260_0, 2;
    %jmp T_2.15;
T_2.12 ;
    %load/vec4 v00000187fbbdd240_0;
    %load/vec4 v00000187fbbdd2e0_0;
    %cmp/u;
    %flag_get/vec4 5;
    %pad/u 32;
    %assign/vec4 v00000187fbbbe260_0, 2;
    %jmp T_2.15;
T_2.13 ;
    %load/vec4 v00000187fbbdd240_0;
    %load/vec4 v00000187fbbdd2e0_0;
    %mul;
    %assign/vec4 v00000187fbbbe260_0, 2;
    %jmp T_2.15;
T_2.15 ;
    %pop/vec4 1;
    %jmp T_2.7;
T_2.3 ;
    %load/vec4 v00000187fbbdd380_0;
    %parti/s 6, 26, 6;
    %dup/vec4;
    %pushi/vec4 10, 0, 6;
    %cmp/u;
    %jmp/1 T_2.16, 6;
    %dup/vec4;
    %pushi/vec4 11, 0, 6;
    %cmp/u;
    %jmp/1 T_2.17, 6;
    %dup/vec4;
    %pushi/vec4 12, 0, 6;
    %cmp/u;
    %jmp/1 T_2.18, 6;
    %pushi/vec4 4294967295, 4294967295, 32;
    %assign/vec4 v00000187fbbbe260_0, 2;
    %jmp T_2.20;
T_2.16 ;
    %load/vec4 v00000187fbbdd240_0;
    %load/vec4 v00000187fbbdd420_0;
    %add;
    %assign/vec4 v00000187fbbbe260_0, 2;
    %jmp T_2.20;
T_2.17 ;
    %load/vec4 v00000187fbbdd240_0;
    %load/vec4 v00000187fbbdd420_0;
    %sub;
    %assign/vec4 v00000187fbbbe260_0, 2;
    %jmp T_2.20;
T_2.18 ;
    %load/vec4 v00000187fbbdd240_0;
    %load/vec4 v00000187fbbdd420_0;
    %cmp/u;
    %flag_get/vec4 5;
    %pad/u 32;
    %assign/vec4 v00000187fbbbe260_0, 2;
    %jmp T_2.20;
T_2.20 ;
    %pop/vec4 1;
    %jmp T_2.7;
T_2.4 ;
    %load/vec4 v00000187fbbdd240_0;
    %load/vec4 v00000187fbbdd420_0;
    %add;
    %assign/vec4 v00000187fbbbe260_0, 2;
    %load/vec4 v00000187fbbdd2e0_0;
    %assign/vec4 v00000187fbbc3b40_0, 2;
    %jmp T_2.7;
T_2.5 ;
    %load/vec4 v00000187fbbdd240_0;
    %load/vec4 v00000187fbbdd420_0;
    %add;
    %assign/vec4 v00000187fbbbe260_0, 2;
    %load/vec4 v00000187fbbdd2e0_0;
    %assign/vec4 v00000187fbbc3b40_0, 2;
    %jmp T_2.7;
T_2.6 ;
    %load/vec4 v00000187fbc3f430_0;
    %load/vec4 v00000187fbbdd420_0;
    %add;
    %assign/vec4 v00000187fbbbe260_0, 2;
    %load/vec4 v00000187fbbdd240_0;
    %pushi/vec4 0, 0, 32;
    %cmp/e;
    %flag_get/vec4 4;
    %assign/vec4 v00000187fbbb6f20_0, 2;
    %jmp T_2.7;
T_2.7 ;
    %pop/vec4 1;
T_2.0 ;
    %jmp T_2;
    .thread T_2;
    .scope S_00000187fbbdd0b0;
T_3 ;
    %wait E_00000187fbbc0100;
    %load/vec4 v00000187fbbc41c0_0;
    %pad/u 32;
    %cmpi/e 0, 0, 32;
    %jmp/0xz  T_3.0, 4;
    %load/vec4 v00000187fbbc4120_0;
    %assign/vec4 v00000187fbc40240_0, 0;
    %load/vec4 v00000187fbbc4550_0;
    %assign/vec4 v00000187fbc3fac0_0, 2;
    %load/vec4 v00000187fbbc4120_0;
    %dup/vec4;
    %pushi/vec4 0, 0, 3;
    %cmp/u;
    %jmp/1 T_3.2, 6;
    %dup/vec4;
    %pushi/vec4 1, 0, 3;
    %cmp/u;
    %jmp/1 T_3.3, 6;
    %dup/vec4;
    %pushi/vec4 2, 0, 3;
    %cmp/u;
    %jmp/1 T_3.4, 6;
    %dup/vec4;
    %pushi/vec4 3, 0, 3;
    %cmp/u;
    %jmp/1 T_3.5, 6;
    %jmp T_3.6;
T_3.2 ;
    %load/vec4 v00000187fbbbe260_0;
    %assign/vec4 v00000187fbc3f6b0_0, 2;
    %jmp T_3.6;
T_3.3 ;
    %load/vec4 v00000187fbbbe260_0;
    %assign/vec4 v00000187fbc3f6b0_0, 2;
    %jmp T_3.6;
T_3.4 ;
    %ix/getv 4, v00000187fbbbe260_0;
    %load/vec4a v00000187fbc3f840, 4;
    %assign/vec4 v00000187fbc3f8e0_0, 2;
    %jmp T_3.6;
T_3.5 ;
    %load/vec4 v00000187fbc3fde0_0;
    %pad/u 32;
    %cmpi/e 0, 0, 32;
    %jmp/0xz  T_3.7, 4;
    %load/vec4 v00000187fbbc3b40_0;
    %ix/getv 3, v00000187fbbbe260_0;
    %ix/load 4, 2, 0; Constant delay
    %assign/vec4/a/d v00000187fbc3f840, 0, 4;
T_3.7 ;
    %jmp T_3.6;
T_3.6 ;
    %pop/vec4 1;
T_3.0 ;
    %jmp T_3;
    .thread T_3;
    .scope S_00000187fbbdd0b0;
T_4 ;
    %wait E_00000187fbbc02c0;
    %load/vec4 v00000187fbc3fde0_0;
    %pad/u 32;
    %cmpi/e 0, 0, 32;
    %jmp/0xz  T_4.0, 4;
    %load/vec4 v00000187fbbc4120_0;
    %dup/vec4;
    %pushi/vec4 0, 0, 3;
    %cmp/u;
    %jmp/1 T_4.2, 6;
    %dup/vec4;
    %pushi/vec4 1, 0, 3;
    %cmp/u;
    %jmp/1 T_4.3, 6;
    %dup/vec4;
    %pushi/vec4 2, 0, 3;
    %cmp/u;
    %jmp/1 T_4.4, 6;
    %dup/vec4;
    %pushi/vec4 5, 0, 3;
    %cmp/u;
    %jmp/1 T_4.5, 6;
    %jmp T_4.6;
T_4.2 ;
    %load/vec4 v00000187fbc3f6b0_0;
    %load/vec4 v00000187fbc3fac0_0;
    %parti/s 5, 11, 5;
    %pad/u 7;
    %ix/vec4 3;
    %ix/load 4, 2, 0; Constant delay
    %assign/vec4/a/d v00000187fbc3fd40, 0, 4;
    %jmp T_4.6;
T_4.3 ;
    %load/vec4 v00000187fbc3f6b0_0;
    %load/vec4 v00000187fbc3fac0_0;
    %parti/s 5, 16, 6;
    %pad/u 7;
    %ix/vec4 3;
    %ix/load 4, 2, 0; Constant delay
    %assign/vec4/a/d v00000187fbc3fd40, 0, 4;
    %jmp T_4.6;
T_4.4 ;
    %load/vec4 v00000187fbc3f8e0_0;
    %load/vec4 v00000187fbc3fac0_0;
    %parti/s 5, 16, 6;
    %pad/u 7;
    %ix/vec4 3;
    %ix/load 4, 2, 0; Constant delay
    %assign/vec4/a/d v00000187fbc3fd40, 0, 4;
    %jmp T_4.6;
T_4.5 ;
    %pushi/vec4 1, 0, 1;
    %assign/vec4 v00000187fbbc41c0_0, 2;
    %jmp T_4.6;
T_4.6 ;
    %pop/vec4 1;
T_4.0 ;
    %jmp T_4;
    .thread T_4;
    .scope S_00000187fbbc43c0;
T_5 ;
    %pushi/vec4 0, 0, 1;
    %store/vec4 v00000187fbc3fe80_0, 0, 1;
    %pushi/vec4 0, 0, 1;
    %store/vec4 v00000187fbc3ff20_0, 0, 1;
    %pushi/vec4 20, 0, 32;
T_5.0 %dup/vec4;
    %pushi/vec4 0, 0, 32;
    %cmp/s;
    %jmp/1xz T_5.1, 5;
    %jmp/1 T_5.1, 4;
    %pushi/vec4 1, 0, 32;
    %sub;
    %delay 5, 0;
    %pushi/vec4 1, 0, 1;
    %store/vec4 v00000187fbc3fe80_0, 0, 1;
    %delay 5, 0;
    %pushi/vec4 0, 0, 1;
    %store/vec4 v00000187fbc3fe80_0, 0, 1;
    %delay 5, 0;
    %pushi/vec4 1, 0, 1;
    %store/vec4 v00000187fbc3ff20_0, 0, 1;
    %delay 5, 0;
    %pushi/vec4 0, 0, 1;
    %store/vec4 v00000187fbc3ff20_0, 0, 1;
    %jmp T_5.0;
T_5.1 ;
    %pop/vec4 1;
    %end;
    .thread T_5;
    .scope S_00000187fbbc43c0;
T_6 ;
    %pushi/vec4 0, 0, 32;
    %store/vec4 v00000187fbc40100_0, 0, 32;
T_6.0 ;
    %load/vec4 v00000187fbc40100_0;
    %cmpi/s 31, 0, 32;
    %jmp/0xz T_6.1, 5;
    %load/vec4 v00000187fbc40100_0;
    %ix/getv/s 4, v00000187fbc40100_0;
    %store/vec4a v00000187fbc3fd40, 4, 0;
    ; show_stmt_assign_vector: Get l-value for compressed += operand
    %load/vec4 v00000187fbc40100_0;
    %pushi/vec4 1, 0, 32;
    %add;
    %store/vec4 v00000187fbc40100_0, 0, 32;
    %jmp T_6.0;
T_6.1 ;
    %pushi/vec4 671154186, 0, 32;
    %ix/load 4, 0, 0;
    %flag_set/imm 4, 0;
    %store/vec4a v00000187fbc3f840, 4, 0;
    %pushi/vec4 671219732, 0, 32;
    %ix/load 4, 1, 0;
    %flag_set/imm 4, 0;
    %store/vec4a v00000187fbc3f840, 4, 0;
    %pushi/vec4 671285273, 0, 32;
    %ix/load 4, 2, 0;
    %flag_set/imm 4, 0;
    %store/vec4a v00000187fbc3f840, 4, 0;
    %pushi/vec4 216496128, 0, 32;
    %ix/load 4, 3, 0;
    %flag_set/imm 4, 0;
    %store/vec4a v00000187fbc3f840, 4, 0;
    %pushi/vec4 216496128, 0, 32;
    %ix/load 4, 4, 0;
    %flag_set/imm 4, 0;
    %store/vec4a v00000187fbc3f840, 4, 0;
    %pushi/vec4 2236416, 0, 32;
    %ix/load 4, 5, 0;
    %flag_set/imm 4, 0;
    %store/vec4a v00000187fbc3f840, 4, 0;
    %pushi/vec4 216496128, 0, 32;
    %ix/load 4, 6, 0;
    %flag_set/imm 4, 0;
    %store/vec4a v00000187fbc3f840, 4, 0;
    %pushi/vec4 8595456, 0, 32;
    %ix/load 4, 7, 0;
    %flag_set/imm 4, 0;
    %store/vec4a v00000187fbc3f840, 4, 0;
    %pushi/vec4 4227858432, 0, 32;
    %ix/load 4, 8, 0;
    %flag_set/imm 4, 0;
    %store/vec4a v00000187fbc3f840, 4, 0;
    %pushi/vec4 0, 0, 1;
    %store/vec4 v00000187fbbc41c0_0, 0, 1;
    %pushi/vec4 0, 0, 32;
    %store/vec4 v00000187fbc3fca0_0, 0, 32;
    %pushi/vec4 0, 0, 1;
    %store/vec4 v00000187fbc3fde0_0, 0, 1;
    %delay 280, 0;
    %pushi/vec4 0, 0, 32;
    %store/vec4 v00000187fbc40100_0, 0, 32;
T_6.2 ;
    %load/vec4 v00000187fbc40100_0;
    %cmpi/s 6, 0, 32;
    %jmp/0xz T_6.3, 5;
    %vpi_call 2 40 "$display", "R%1d - %2d", v00000187fbc40100_0, &A<v00000187fbc3fd40, v00000187fbc40100_0 > {0 0 0};
    ; show_stmt_assign_vector: Get l-value for compressed += operand
    %load/vec4 v00000187fbc40100_0;
    %pushi/vec4 1, 0, 32;
    %add;
    %store/vec4 v00000187fbc40100_0, 0, 32;
    %jmp T_6.2;
T_6.3 ;
    %delay 300, 0;
    %vpi_call 2 42 "$finish" {0 0 0};
    %end;
    .thread T_6;
# The file index is used to find the file name in the following table.
:file_names 4;
    "N/A";
    "<interactive>";
    "pipe_MIPS32_tb_1.v";
    "./pipe_MIPS32.v";
