#! /c/Source/iverilog-install/bin/vvp
:ivl_version "12.0 (devel)" "(s20150603-1539-g2693dd32b)";
:ivl_delay_selection "TYPICAL";
:vpi_time_precision + 0;
:vpi_module "C:\iverilog\lib\ivl\system.vpi";
:vpi_module "C:\iverilog\lib\ivl\vhdl_sys.vpi";
:vpi_module "C:\iverilog\lib\ivl\vhdl_textio.vpi";
:vpi_module "C:\iverilog\lib\ivl\v2005_math.vpi";
:vpi_module "C:\iverilog\lib\ivl\va_math.vpi";
S_000002451b008220 .scope module, "BOOTH_test" "BOOTH_test" 2 4;
 .timescale 0 0;
v000002451b087ec0_0 .net "LdA", 0 0, v000002451b003710_0;  1 drivers
v000002451b0890e0_0 .net "LdCnt", 0 0, v000002451b003850_0;  1 drivers
v000002451b087ba0_0 .net "LdM", 0 0, v000002451b004ae0_0;  1 drivers
v000002451b088280_0 .net "LdQ", 0 0, v000002451b0025c0_0;  1 drivers
v000002451b087d80_0 .net *"_ivl_2", 31 0, L_000002451b08b0c0;  1 drivers
v000002451b087420_0 .net "addsub", 0 0, v000002451b02d810_0;  1 drivers
v000002451b087b00_0 .var "clk", 0 0;
v000002451b0874c0_0 .net "clrA", 0 0, v000002451b00b930_0;  1 drivers
v000002451b0876a0_0 .net "clrQ", 0 0, v000002451b00b9d0_0;  1 drivers
v000002451b087740_0 .net "clrff", 0 0, v000002451b00ba70_0;  1 drivers
v000002451b0877e0_0 .var "data_in", 15 0;
v000002451b087920_0 .net "decr", 0 0, v000002451b085720_0;  1 drivers
v000002451b0879c0_0 .net "done", 0 0, v000002451b0857c0_0;  1 drivers
v000002451b087c40_0 .net "eqz", 0 0, L_000002451b08abc0;  1 drivers
o000002451b02dbb8 .functor BUFZ 1, C4<z>; HiZ drive
v000002451b088000_0 .net "q0", 0 0, o000002451b02dbb8;  0 drivers
v000002451b0881e0_0 .net "qm1", 0 0, v000002451b088c80_0;  1 drivers
v000002451b08af80_0 .net "res", 0 0, L_000002451b08bd40;  1 drivers
v000002451b08a6c0_0 .net "sftA", 0 0, v000002451b085a40_0;  1 drivers
v000002451b08bf20_0 .net "sftQ", 0 0, v000002451b085e00_0;  1 drivers
v000002451b08be80_0 .var "start", 0 0;
L_000002451b08b0c0 .concat [ 16 16 0 0], v000002451b0883c0_0, v000002451b085cc0_0;
L_000002451b08bd40 .part L_000002451b08b0c0, 0, 1;
S_000002451b0083b0 .scope module, "CON" "controller" 2 11, 3 1 0, S_000002451b008220;
 .timescale 0 0;
    .port_info 0 /OUTPUT 1 "LdA";
    .port_info 1 /OUTPUT 1 "clrA";
    .port_info 2 /OUTPUT 1 "sftA";
    .port_info 3 /OUTPUT 1 "LdQ";
    .port_info 4 /OUTPUT 1 "clrQ";
    .port_info 5 /OUTPUT 1 "sftQ";
    .port_info 6 /OUTPUT 1 "LdM";
    .port_info 7 /OUTPUT 1 "clrff";
    .port_info 8 /OUTPUT 1 "addsub";
    .port_info 9 /INPUT 1 "start";
    .port_info 10 /OUTPUT 1 "decr";
    .port_info 11 /OUTPUT 1 "LdCnt";
    .port_info 12 /OUTPUT 1 "done";
    .port_info 13 /INPUT 1 "clk";
    .port_info 14 /INPUT 1 "q0";
    .port_info 15 /INPUT 1 "qm1";
    .port_info 16 /INPUT 1 "eqz";
P_000002451b00b700 .param/l "S0" 0 3 7, C4<000>;
P_000002451b00b738 .param/l "S1" 0 3 7, C4<001>;
P_000002451b00b770 .param/l "S2" 0 3 7, C4<010>;
P_000002451b00b7a8 .param/l "S3" 0 3 7, C4<011>;
P_000002451b00b7e0 .param/l "S4" 0 3 7, C4<100>;
P_000002451b00b818 .param/l "S5" 0 3 7, C4<101>;
P_000002451b00b850 .param/l "S6" 0 3 7, C4<110>;
v000002451b003710_0 .var "LdA", 0 0;
v000002451b003850_0 .var "LdCnt", 0 0;
v000002451b004ae0_0 .var "LdM", 0 0;
v000002451b0025c0_0 .var "LdQ", 0 0;
v000002451b02d810_0 .var "addsub", 0 0;
v000002451b00b890_0 .net "clk", 0 0, v000002451b087b00_0;  1 drivers
v000002451b00b930_0 .var "clrA", 0 0;
v000002451b00b9d0_0 .var "clrQ", 0 0;
v000002451b00ba70_0 .var "clrff", 0 0;
v000002451b085720_0 .var "decr", 0 0;
v000002451b0857c0_0 .var "done", 0 0;
v000002451b0861c0_0 .net "eqz", 0 0, L_000002451b08abc0;  alias, 1 drivers
v000002451b086080_0 .net "q0", 0 0, o000002451b02dbb8;  alias, 0 drivers
v000002451b085d60_0 .net "qm1", 0 0, v000002451b088c80_0;  alias, 1 drivers
v000002451b085a40_0 .var "sftA", 0 0;
v000002451b085e00_0 .var "sftQ", 0 0;
v000002451b085860_0 .net "start", 0 0, v000002451b08be80_0;  1 drivers
v000002451b085900_0 .var "state", 2 0;
E_000002451afff940 .event anyedge, v000002451b085900_0;
E_000002451afffac0 .event posedge, v000002451b00b890_0;
S_000002451b00a190 .scope module, "DP" "BOOTH_datapath" 2 10, 4 1 0, S_000002451b008220;
 .timescale 0 0;
    .port_info 0 /INPUT 1 "LdA";
    .port_info 1 /INPUT 1 "LdQ";
    .port_info 2 /INPUT 1 "LdM";
    .port_info 3 /INPUT 1 "clrA";
    .port_info 4 /INPUT 1 "clrQ";
    .port_info 5 /INPUT 1 "clrff";
    .port_info 6 /INPUT 1 "sftA";
    .port_info 7 /INPUT 1 "sftQ";
    .port_info 8 /INPUT 1 "addsub";
    .port_info 9 /INPUT 1 "decr";
    .port_info 10 /INPUT 1 "LdCnt";
    .port_info 11 /INPUT 16 "data_in";
    .port_info 12 /INPUT 1 "clk";
    .port_info 13 /OUTPUT 1 "qm1";
    .port_info 14 /OUTPUT 1 "eqz";
v000002451b088b40_0 .net "A", 15 0, v000002451b085cc0_0;  1 drivers
v000002451b0888c0_0 .net "LdA", 0 0, v000002451b003710_0;  alias, 1 drivers
v000002451b087e20_0 .net "LdCnt", 0 0, v000002451b003850_0;  alias, 1 drivers
v000002451b087f60_0 .net "LdM", 0 0, v000002451b004ae0_0;  alias, 1 drivers
v000002451b088d20_0 .net "LdQ", 0 0, v000002451b0025c0_0;  alias, 1 drivers
o000002451b02e1e8 .functor BUFZ 16, C4<zzzzzzzzzzzzzzzz>; HiZ drive
v000002451b088640_0 .net "M", 15 0, o000002451b02e1e8;  0 drivers
v000002451b088820_0 .net "Q", 15 0, v000002451b0883c0_0;  1 drivers
v000002451b0886e0_0 .net "Z", 15 0, v000002451b086120_0;  1 drivers
v000002451b087880_0 .net "addsub", 0 0, v000002451b02d810_0;  alias, 1 drivers
v000002451b088780_0 .net "clk", 0 0, v000002451b087b00_0;  alias, 1 drivers
v000002451b087a60_0 .net "clrA", 0 0, v000002451b00b930_0;  alias, 1 drivers
v000002451b087ce0_0 .net "clrQ", 0 0, v000002451b00b9d0_0;  alias, 1 drivers
v000002451b088a00_0 .net "clrff", 0 0, v000002451b00ba70_0;  alias, 1 drivers
v000002451b088e60_0 .net "count", 4 0, v000002451b085400_0;  1 drivers
RS_000002451b02e3c8 .resolv tri, v000002451b0872e0_0, v000002451b0877e0_0;
v000002451b088460_0 .net8 "data_in", 15 0, RS_000002451b02e3c8;  2 drivers
v000002451b089180_0 .net "decr", 0 0, v000002451b085720_0;  alias, 1 drivers
v000002451b088aa0_0 .net "eqz", 0 0, L_000002451b08abc0;  alias, 1 drivers
v000002451b087380_0 .net "qm1", 0 0, v000002451b088c80_0;  alias, 1 drivers
v000002451b087600_0 .net "sftA", 0 0, v000002451b085a40_0;  alias, 1 drivers
v000002451b088fa0_0 .net "sftQ", 0 0, v000002451b085e00_0;  alias, 1 drivers
L_000002451b08abc0 .reduce/nand v000002451b085400_0;
L_000002451b08c1a0 .part v000002451b085cc0_0, 15, 1;
L_000002451b08bca0 .part v000002451b085cc0_0, 0, 1;
L_000002451b08a300 .part v000002451b0883c0_0, 0, 1;
S_000002451b00fc40 .scope module, "AR" "shiftreg" 4 11, 4 21 0, S_000002451b00a190;
 .timescale 0 0;
    .port_info 0 /OUTPUT 16 "data_out";
    .port_info 1 /INPUT 16 "data_in";
    .port_info 2 /INPUT 1 "s_in";
    .port_info 3 /INPUT 1 "clk";
    .port_info 4 /INPUT 1 "ld";
    .port_info 5 /INPUT 1 "clr";
    .port_info 6 /INPUT 1 "sft";
v000002451b085b80_0 .net "clk", 0 0, v000002451b087b00_0;  alias, 1 drivers
v000002451b085f40_0 .net "clr", 0 0, v000002451b00b930_0;  alias, 1 drivers
v000002451b085c20_0 .net "data_in", 15 0, v000002451b086120_0;  alias, 1 drivers
v000002451b085cc0_0 .var "data_out", 15 0;
v000002451b0859a0_0 .net "ld", 0 0, v000002451b003710_0;  alias, 1 drivers
v000002451b085ae0_0 .net "s_in", 0 0, L_000002451b08c1a0;  1 drivers
v000002451b0852c0_0 .net "sft", 0 0, v000002451b085a40_0;  alias, 1 drivers
S_000002451b00fdd0 .scope module, "AS" "ALU" 4 15, 4 63 0, S_000002451b00a190;
 .timescale 0 0;
    .port_info 0 /OUTPUT 16 "out";
    .port_info 1 /INPUT 16 "in1";
    .port_info 2 /INPUT 16 "in2";
    .port_info 3 /INPUT 1 "addsub";
v000002451b085ea0_0 .net "addsub", 0 0, v000002451b02d810_0;  alias, 1 drivers
v000002451b085540_0 .net "in1", 15 0, v000002451b085cc0_0;  alias, 1 drivers
v000002451b085fe0_0 .net "in2", 15 0, o000002451b02e1e8;  alias, 0 drivers
v000002451b086120_0 .var "out", 15 0;
E_000002451afffb00 .event anyedge, v000002451b02d810_0, v000002451b085cc0_0, v000002451b085fe0_0;
S_000002451b01f710 .scope module, "CN" "CNTR" 4 16, 4 78 0, S_000002451b00a190;
 .timescale 0 0;
    .port_info 0 /OUTPUT 5 "dout";
    .port_info 1 /INPUT 1 "decr";
    .port_info 2 /INPUT 1 "ldcnt";
    .port_info 3 /INPUT 1 "clk";
v000002451b0855e0_0 .net "clk", 0 0, v000002451b087b00_0;  alias, 1 drivers
v000002451b085360_0 .net "decr", 0 0, v000002451b085720_0;  alias, 1 drivers
v000002451b085400_0 .var "dout", 4 0;
v000002451b0854a0_0 .net "ldcnt", 0 0, v000002451b003850_0;  alias, 1 drivers
S_000002451b01f8a0 .scope module, "MR" "PIPO" 4 14, 4 39 0, S_000002451b00a190;
 .timescale 0 0;
    .port_info 0 /OUTPUT 16 "dout";
    .port_info 1 /INPUT 16 "din";
    .port_info 2 /INPUT 1 "ld";
    .port_info 3 /INPUT 1 "clk";
v000002451b085680_0 .net "clk", 0 0, v000002451b004ae0_0;  alias, 1 drivers
v000002451b0880a0_0 .net "din", 15 0, o000002451b02e1e8;  alias, 0 drivers
v000002451b0872e0_0 .var "dout", 15 0;
v000002451b089040_0 .net "ld", 0 0, v000002451b087b00_0;  alias, 1 drivers
E_000002451afff6c0 .event posedge, v000002451b004ae0_0;
S_000002451b00f220 .scope module, "QM1" "dff" 4 13, 4 51 0, S_000002451b00a190;
 .timescale 0 0;
    .port_info 0 /INPUT 1 "d";
    .port_info 1 /OUTPUT 1 "q";
    .port_info 2 /INPUT 1 "clk";
    .port_info 3 /INPUT 1 "clr";
v000002451b087560_0 .net "clk", 0 0, v000002451b087b00_0;  alias, 1 drivers
v000002451b088be0_0 .net "clr", 0 0, v000002451b00ba70_0;  alias, 1 drivers
v000002451b088140_0 .net "d", 0 0, L_000002451b08a300;  1 drivers
v000002451b088c80_0 .var "q", 0 0;
S_000002451b00f3b0 .scope module, "QR" "shiftreg" 4 12, 4 21 0, S_000002451b00a190;
 .timescale 0 0;
    .port_info 0 /OUTPUT 16 "data_out";
    .port_info 1 /INPUT 16 "data_in";
    .port_info 2 /INPUT 1 "s_in";
    .port_info 3 /INPUT 1 "clk";
    .port_info 4 /INPUT 1 "ld";
    .port_info 5 /INPUT 1 "clr";
    .port_info 6 /INPUT 1 "sft";
v000002451b088500_0 .net "clk", 0 0, v000002451b087b00_0;  alias, 1 drivers
v000002451b088320_0 .net "clr", 0 0, v000002451b00b9d0_0;  alias, 1 drivers
v000002451b0885a0_0 .net8 "data_in", 15 0, RS_000002451b02e3c8;  alias, 2 drivers
v000002451b0883c0_0 .var "data_out", 15 0;
v000002451b088dc0_0 .net "ld", 0 0, v000002451b0025c0_0;  alias, 1 drivers
v000002451b088f00_0 .net "s_in", 0 0, L_000002451b08bca0;  1 drivers
v000002451b088960_0 .net "sft", 0 0, v000002451b085e00_0;  alias, 1 drivers
    .scope S_000002451b00fc40;
T_0 ;
    %wait E_000002451afffac0;
    %load/vec4 v000002451b085f40_0;
    %flag_set/vec4 8;
    %jmp/0xz  T_0.0, 8;
    %pushi/vec4 0, 0, 16;
    %assign/vec4 v000002451b085cc0_0, 0;
    %jmp T_0.1;
T_0.0 ;
    %load/vec4 v000002451b0859a0_0;
    %flag_set/vec4 8;
    %jmp/0xz  T_0.2, 8;
    %load/vec4 v000002451b085c20_0;
    %assign/vec4 v000002451b085cc0_0, 0;
    %jmp T_0.3;
T_0.2 ;
    %load/vec4 v000002451b0852c0_0;
    %flag_set/vec4 8;
    %jmp/0xz  T_0.4, 8;
    %load/vec4 v000002451b085ae0_0;
    %load/vec4 v000002451b085cc0_0;
    %parti/s 15, 1, 2;
    %concat/vec4; draw_concat_vec4
    %assign/vec4 v000002451b085cc0_0, 0;
T_0.4 ;
T_0.3 ;
T_0.1 ;
    %jmp T_0;
    .thread T_0;
    .scope S_000002451b00f3b0;
T_1 ;
    %wait E_000002451afffac0;
    %load/vec4 v000002451b088320_0;
    %flag_set/vec4 8;
    %jmp/0xz  T_1.0, 8;
    %pushi/vec4 0, 0, 16;
    %assign/vec4 v000002451b0883c0_0, 0;
    %jmp T_1.1;
T_1.0 ;
    %load/vec4 v000002451b088dc0_0;
    %flag_set/vec4 8;
    %jmp/0xz  T_1.2, 8;
    %load/vec4 v000002451b0885a0_0;
    %assign/vec4 v000002451b0883c0_0, 0;
    %jmp T_1.3;
T_1.2 ;
    %load/vec4 v000002451b088960_0;
    %flag_set/vec4 8;
    %jmp/0xz  T_1.4, 8;
    %load/vec4 v000002451b088f00_0;
    %load/vec4 v000002451b0883c0_0;
    %parti/s 15, 1, 2;
    %concat/vec4; draw_concat_vec4
    %assign/vec4 v000002451b0883c0_0, 0;
T_1.4 ;
T_1.3 ;
T_1.1 ;
    %jmp T_1;
    .thread T_1;
    .scope S_000002451b00f220;
T_2 ;
    %wait E_000002451afffac0;
    %load/vec4 v000002451b088be0_0;
    %flag_set/vec4 8;
    %jmp/0xz  T_2.0, 8;
    %pushi/vec4 0, 0, 1;
    %assign/vec4 v000002451b088c80_0, 0;
    %jmp T_2.1;
T_2.0 ;
    %load/vec4 v000002451b088140_0;
    %assign/vec4 v000002451b088c80_0, 0;
T_2.1 ;
    %jmp T_2;
    .thread T_2;
    .scope S_000002451b01f8a0;
T_3 ;
    %wait E_000002451afff6c0;
    %load/vec4 v000002451b089040_0;
    %flag_set/vec4 8;
    %jmp/0xz  T_3.0, 8;
    %load/vec4 v000002451b0880a0_0;
    %assign/vec4 v000002451b0872e0_0, 0;
T_3.0 ;
    %jmp T_3;
    .thread T_3;
    .scope S_000002451b00fdd0;
T_4 ;
    %wait E_000002451afffb00;
    %load/vec4 v000002451b085ea0_0;
    %pad/u 32;
    %cmpi/e 0, 0, 32;
    %jmp/0xz  T_4.0, 4;
    %load/vec4 v000002451b085540_0;
    %load/vec4 v000002451b085fe0_0;
    %sub;
    %store/vec4 v000002451b086120_0, 0, 16;
    %jmp T_4.1;
T_4.0 ;
    %load/vec4 v000002451b085540_0;
    %load/vec4 v000002451b085fe0_0;
    %add;
    %store/vec4 v000002451b086120_0, 0, 16;
T_4.1 ;
    %jmp T_4;
    .thread T_4, $push;
    .scope S_000002451b01f710;
T_5 ;
    %wait E_000002451afffac0;
    %load/vec4 v000002451b0854a0_0;
    %flag_set/vec4 8;
    %jmp/0xz  T_5.0, 8;
    %pushi/vec4 16, 0, 5;
    %assign/vec4 v000002451b085400_0, 0;
    %jmp T_5.1;
T_5.0 ;
    %load/vec4 v000002451b085360_0;
    %flag_set/vec4 8;
    %jmp/0xz  T_5.2, 8;
    %load/vec4 v000002451b085400_0;
    %subi 1, 0, 5;
    %assign/vec4 v000002451b085400_0, 0;
T_5.2 ;
T_5.1 ;
    %jmp T_5;
    .thread T_5;
    .scope S_000002451b0083b0;
T_6 ;
    %wait E_000002451afffac0;
    %load/vec4 v000002451b085900_0;
    %dup/vec4;
    %pushi/vec4 0, 0, 3;
    %cmp/u;
    %jmp/1 T_6.0, 6;
    %dup/vec4;
    %pushi/vec4 1, 0, 3;
    %cmp/u;
    %jmp/1 T_6.1, 6;
    %dup/vec4;
    %pushi/vec4 2, 0, 3;
    %cmp/u;
    %jmp/1 T_6.2, 6;
    %dup/vec4;
    %pushi/vec4 3, 0, 3;
    %cmp/u;
    %jmp/1 T_6.3, 6;
    %dup/vec4;
    %pushi/vec4 4, 0, 3;
    %cmp/u;
    %jmp/1 T_6.4, 6;
    %dup/vec4;
    %pushi/vec4 5, 0, 3;
    %cmp/u;
    %jmp/1 T_6.5, 6;
    %dup/vec4;
    %pushi/vec4 6, 0, 3;
    %cmp/u;
    %jmp/1 T_6.6, 6;
    %pushi/vec4 0, 0, 3;
    %assign/vec4 v000002451b085900_0, 0;
    %jmp T_6.8;
T_6.0 ;
    %load/vec4 v000002451b085860_0;
    %flag_set/vec4 8;
    %jmp/0xz  T_6.9, 8;
    %pushi/vec4 1, 0, 3;
    %assign/vec4 v000002451b085900_0, 0;
T_6.9 ;
    %jmp T_6.8;
T_6.1 ;
    %pushi/vec4 2, 0, 3;
    %assign/vec4 v000002451b085900_0, 0;
    %jmp T_6.8;
T_6.2 ;
    %delay 2, 0;
    %load/vec4 v000002451b086080_0;
    %load/vec4 v000002451b085d60_0;
    %concat/vec4; draw_concat_vec4
    %cmpi/e 1, 0, 2;
    %jmp/0xz  T_6.11, 4;
    %pushi/vec4 3, 0, 3;
    %assign/vec4 v000002451b085900_0, 0;
    %jmp T_6.12;
T_6.11 ;
    %load/vec4 v000002451b086080_0;
    %load/vec4 v000002451b085d60_0;
    %concat/vec4; draw_concat_vec4
    %cmpi/e 2, 0, 2;
    %jmp/0xz  T_6.13, 4;
    %pushi/vec4 4, 0, 3;
    %assign/vec4 v000002451b085900_0, 0;
    %jmp T_6.14;
T_6.13 ;
    %pushi/vec4 5, 0, 3;
    %assign/vec4 v000002451b085900_0, 0;
T_6.14 ;
T_6.12 ;
    %jmp T_6.8;
T_6.3 ;
    %pushi/vec4 5, 0, 3;
    %assign/vec4 v000002451b085900_0, 0;
    %jmp T_6.8;
T_6.4 ;
    %pushi/vec4 5, 0, 3;
    %assign/vec4 v000002451b085900_0, 0;
    %jmp T_6.8;
T_6.5 ;
    %delay 2, 0;
    %load/vec4 v000002451b086080_0;
    %load/vec4 v000002451b085d60_0;
    %concat/vec4; draw_concat_vec4
    %cmpi/e 1, 0, 2;
    %flag_get/vec4 4;
    %jmp/0 T_6.17, 4;
    %load/vec4 v000002451b0861c0_0;
    %nor/r;
    %and;
T_6.17;
    %flag_set/vec4 8;
    %jmp/0xz  T_6.15, 8;
    %pushi/vec4 3, 0, 3;
    %assign/vec4 v000002451b085900_0, 0;
    %jmp T_6.16;
T_6.15 ;
    %load/vec4 v000002451b086080_0;
    %load/vec4 v000002451b085d60_0;
    %concat/vec4; draw_concat_vec4
    %cmpi/e 2, 0, 2;
    %flag_get/vec4 4;
    %jmp/0 T_6.20, 4;
    %load/vec4 v000002451b0861c0_0;
    %nor/r;
    %and;
T_6.20;
    %flag_set/vec4 8;
    %jmp/0xz  T_6.18, 8;
    %pushi/vec4 4, 0, 3;
    %assign/vec4 v000002451b085900_0, 0;
    %jmp T_6.19;
T_6.18 ;
    %load/vec4 v000002451b0861c0_0;
    %flag_set/vec4 8;
    %jmp/0xz  T_6.21, 8;
    %pushi/vec4 6, 0, 3;
    %assign/vec4 v000002451b085900_0, 0;
T_6.21 ;
T_6.19 ;
T_6.16 ;
    %jmp T_6.8;
T_6.6 ;
    %pushi/vec4 6, 0, 3;
    %assign/vec4 v000002451b085900_0, 0;
    %jmp T_6.8;
T_6.8 ;
    %pop/vec4 1;
    %jmp T_6;
    .thread T_6;
    .scope S_000002451b0083b0;
T_7 ;
    %wait E_000002451afff940;
    %load/vec4 v000002451b085900_0;
    %dup/vec4;
    %pushi/vec4 0, 0, 3;
    %cmp/u;
    %jmp/1 T_7.0, 6;
    %dup/vec4;
    %pushi/vec4 1, 0, 3;
    %cmp/u;
    %jmp/1 T_7.1, 6;
    %dup/vec4;
    %pushi/vec4 2, 0, 3;
    %cmp/u;
    %jmp/1 T_7.2, 6;
    %dup/vec4;
    %pushi/vec4 3, 0, 3;
    %cmp/u;
    %jmp/1 T_7.3, 6;
    %dup/vec4;
    %pushi/vec4 4, 0, 3;
    %cmp/u;
    %jmp/1 T_7.4, 6;
    %dup/vec4;
    %pushi/vec4 5, 0, 3;
    %cmp/u;
    %jmp/1 T_7.5, 6;
    %pushi/vec4 0, 0, 1;
    %store/vec4 v000002451b00b930_0, 0, 1;
    %pushi/vec4 0, 0, 1;
    %store/vec4 v000002451b085a40_0, 0, 1;
    %pushi/vec4 0, 0, 1;
    %store/vec4 v000002451b0025c0_0, 0, 1;
    %pushi/vec4 0, 0, 1;
    %store/vec4 v000002451b085e00_0, 0, 1;
    %jmp T_7.7;
T_7.0 ;
    %pushi/vec4 0, 0, 1;
    %store/vec4 v000002451b00b930_0, 0, 1;
    %pushi/vec4 0, 0, 1;
    %store/vec4 v000002451b003710_0, 0, 1;
    %pushi/vec4 0, 0, 1;
    %store/vec4 v000002451b085a40_0, 0, 1;
    %pushi/vec4 0, 0, 1;
    %store/vec4 v000002451b00b9d0_0, 0, 1;
    %pushi/vec4 0, 0, 1;
    %store/vec4 v000002451b0025c0_0, 0, 1;
    %pushi/vec4 0, 0, 1;
    %store/vec4 v000002451b085e00_0, 0, 1;
    %pushi/vec4 0, 0, 1;
    %store/vec4 v000002451b004ae0_0, 0, 1;
    %pushi/vec4 0, 0, 1;
    %store/vec4 v000002451b00ba70_0, 0, 1;
    %pushi/vec4 0, 0, 1;
    %store/vec4 v000002451b0857c0_0, 0, 1;
    %jmp T_7.7;
T_7.1 ;
    %pushi/vec4 1, 0, 1;
    %store/vec4 v000002451b00b930_0, 0, 1;
    %pushi/vec4 1, 0, 1;
    %store/vec4 v000002451b00ba70_0, 0, 1;
    %pushi/vec4 1, 0, 1;
    %store/vec4 v000002451b003850_0, 0, 1;
    %pushi/vec4 1, 0, 1;
    %store/vec4 v000002451b004ae0_0, 0, 1;
    %jmp T_7.7;
T_7.2 ;
    %pushi/vec4 0, 0, 1;
    %store/vec4 v000002451b00b930_0, 0, 1;
    %pushi/vec4 0, 0, 1;
    %store/vec4 v000002451b00ba70_0, 0, 1;
    %pushi/vec4 0, 0, 1;
    %store/vec4 v000002451b003850_0, 0, 1;
    %pushi/vec4 0, 0, 1;
    %store/vec4 v000002451b004ae0_0, 0, 1;
    %pushi/vec4 1, 0, 1;
    %store/vec4 v000002451b0025c0_0, 0, 1;
    %jmp T_7.7;
T_7.3 ;
    %pushi/vec4 1, 0, 1;
    %store/vec4 v000002451b003710_0, 0, 1;
    %pushi/vec4 1, 0, 1;
    %store/vec4 v000002451b02d810_0, 0, 1;
    %pushi/vec4 0, 0, 1;
    %store/vec4 v000002451b0025c0_0, 0, 1;
    %pushi/vec4 0, 0, 1;
    %store/vec4 v000002451b085a40_0, 0, 1;
    %pushi/vec4 0, 0, 1;
    %store/vec4 v000002451b085e00_0, 0, 1;
    %pushi/vec4 0, 0, 1;
    %store/vec4 v000002451b085720_0, 0, 1;
    %jmp T_7.7;
T_7.4 ;
    %pushi/vec4 1, 0, 1;
    %store/vec4 v000002451b003710_0, 0, 1;
    %pushi/vec4 0, 0, 1;
    %store/vec4 v000002451b02d810_0, 0, 1;
    %pushi/vec4 0, 0, 1;
    %store/vec4 v000002451b0025c0_0, 0, 1;
    %pushi/vec4 0, 0, 1;
    %store/vec4 v000002451b085a40_0, 0, 1;
    %pushi/vec4 0, 0, 1;
    %store/vec4 v000002451b085e00_0, 0, 1;
    %pushi/vec4 0, 0, 1;
    %store/vec4 v000002451b085720_0, 0, 1;
    %jmp T_7.7;
T_7.5 ;
    %pushi/vec4 1, 0, 1;
    %store/vec4 v000002451b085a40_0, 0, 1;
    %pushi/vec4 1, 0, 1;
    %store/vec4 v000002451b085e00_0, 0, 1;
    %pushi/vec4 0, 0, 1;
    %store/vec4 v000002451b003710_0, 0, 1;
    %pushi/vec4 0, 0, 1;
    %store/vec4 v000002451b0025c0_0, 0, 1;
    %pushi/vec4 1, 0, 1;
    %store/vec4 v000002451b085720_0, 0, 1;
    %jmp T_7.7;
T_7.7 ;
    %pop/vec4 1;
    %jmp T_7;
    .thread T_7, $push;
    .scope S_000002451b008220;
T_8 ;
    %pushi/vec4 0, 0, 1;
    %store/vec4 v000002451b087b00_0, 0, 1;
    %delay 3, 0;
    %pushi/vec4 1, 0, 1;
    %store/vec4 v000002451b08be80_0, 0, 1;
    %delay 500, 0;
    %vpi_call 2 18 "$finish" {0 0 0};
    %end;
    .thread T_8;
    .scope S_000002451b008220;
T_9 ;
    %delay 5, 0;
    %load/vec4 v000002451b087b00_0;
    %inv;
    %store/vec4 v000002451b087b00_0, 0, 1;
    %jmp T_9;
    .thread T_9;
    .scope S_000002451b008220;
T_10 ;
    %delay 17, 0;
    %pushi/vec4 17, 0, 16;
    %store/vec4 v000002451b0877e0_0, 0, 16;
    %delay 10, 0;
    %pushi/vec4 5, 0, 16;
    %store/vec4 v000002451b0877e0_0, 0, 16;
    %end;
    .thread T_10;
    .scope S_000002451b008220;
T_11 ;
    %vpi_call 2 29 "$monitor", $time, "%d %b", v000002451b088b40_0, v000002451b0879c0_0 {0 0 0};
    %end;
    .thread T_11;
# The file index is used to find the file name in the following table.
:file_names 5;
    "N/A";
    "<interactive>";
    "booth_test.v";
    "./controller.v";
    "./booth_datapath.v";
