#! /c/Source/iverilog-install/bin/vvp
:ivl_version "12.0 (devel)" "(s20150603-1539-g2693dd32b)";
:ivl_delay_selection "TYPICAL";
:vpi_time_precision + 0;
:vpi_module "C:\iverilog\lib\ivl\system.vpi";
:vpi_module "C:\iverilog\lib\ivl\vhdl_sys.vpi";
:vpi_module "C:\iverilog\lib\ivl\vhdl_textio.vpi";
:vpi_module "C:\iverilog\lib\ivl\v2005_math.vpi";
:vpi_module "C:\iverilog\lib\ivl\va_math.vpi";
S_000001edffb0cce0 .scope module, "memory_tb" "memory_tb" 2 27;
 .timescale 0 0;
v000001edffb54d60_0 .var "clk", 0 0;
v000001edffb54e00_0 .var "data_in", 15 0;
v000001edffb54ea0_0 .net "data_out", 15 0, L_000001edffba89b0;  1 drivers
v000001edffba85f0_0 .var "in", 0 0;
v000001edffba8f50_0 .var "move", 0 0;
v000001edffba8910_0 .var "rd", 2 0;
v000001edffba8af0_0 .var "rs", 2 0;
S_000001edffb0ce70 .scope module, "u0" "memory" 2 34, 2 1 0, S_000001edffb0cce0;
 .timescale 0 0;
    .port_info 0 /OUTPUT 16 "data_out";
    .port_info 1 /INPUT 3 "rs";
    .port_info 2 /INPUT 3 "rd";
    .port_info 3 /INPUT 1 "move";
    .port_info 4 /INPUT 1 "in";
    .port_info 5 /INPUT 16 "data_in";
    .port_info 6 /INPUT 1 "clk";
L_000001edffb5bae0 .functor OR 1, v000001edffba8f50_0, v000001edffba85f0_0, C4<0>, C4<0>;
o000001edffb5cf78 .functor BUFZ 16, C4<zzzzzzzzzzzzzzzz>; HiZ drive
; Elide local net with no drivers, v000001edffb0aec0_0 name=_ivl_2
v000001edffb22ef0_0 .net "clk", 0 0, v000001edffb54d60_0;  1 drivers
v000001edffb0d000_0 .var "data", 15 0;
v000001edffb0d0a0_0 .net "data_in", 15 0, v000001edffb54e00_0;  1 drivers
v000001edffb54900_0 .net "data_out", 15 0, L_000001edffba89b0;  alias, 1 drivers
v000001edffb549a0_0 .net "enable", 0 0, L_000001edffb5bae0;  1 drivers
v000001edffb54a40_0 .net "in", 0 0, v000001edffba85f0_0;  1 drivers
v000001edffb54ae0_0 .net "move", 0 0, v000001edffba8f50_0;  1 drivers
v000001edffb54b80_0 .net "rd", 2 0, v000001edffba8910_0;  1 drivers
v000001edffb54c20 .array "registers", 0 7, 15 0;
v000001edffb54cc0_0 .net "rs", 2 0, v000001edffba8af0_0;  1 drivers
E_000001edffb08900 .event posedge, v000001edffb22ef0_0;
L_000001edffba89b0 .functor MUXZ 16, o000001edffb5cf78, v000001edffb0d000_0, L_000001edffb5bae0, C4<>;
    .scope S_000001edffb0ce70;
T_0 ;
    %wait E_000001edffb08900;
    %load/vec4 v000001edffb54ae0_0;
    %flag_set/vec4 8;
    %jmp/0xz  T_0.0, 8;
    %load/vec4 v000001edffb54cc0_0;
    %pad/u 5;
    %ix/vec4 4;
    %load/vec4a v000001edffb54c20, 4;
    %load/vec4 v000001edffb54b80_0;
    %pad/u 5;
    %ix/vec4 3;
    %ix/load 4, 0, 0; Constant delay
    %assign/vec4/a/d v000001edffb54c20, 0, 4;
T_0.0 ;
    %load/vec4 v000001edffb54a40_0;
    %flag_set/vec4 8;
    %jmp/0xz  T_0.2, 8;
    %load/vec4 v000001edffb0d0a0_0;
    %load/vec4 v000001edffb54b80_0;
    %pad/u 5;
    %ix/vec4 3;
    %ix/load 4, 0, 0; Constant delay
    %assign/vec4/a/d v000001edffb54c20, 0, 4;
T_0.2 ;
    %jmp T_0;
    .thread T_0;
    .scope S_000001edffb0ce70;
T_1 ;
    %wait E_000001edffb08900;
    %load/vec4 v000001edffb54cc0_0;
    %pad/u 5;
    %ix/vec4 4;
    %load/vec4a v000001edffb54c20, 4;
    %assign/vec4 v000001edffb0d000_0, 0;
    %jmp T_1;
    .thread T_1;
    .scope S_000001edffb0cce0;
T_2 ;
    %pushi/vec4 0, 0, 1;
    %store/vec4 v000001edffb54d60_0, 0, 1;
    %pushi/vec4 0, 0, 1;
    %store/vec4 v000001edffba8f50_0, 0, 1;
    %pushi/vec4 0, 0, 1;
    %store/vec4 v000001edffba85f0_0, 0, 1;
    %pushi/vec4 0, 0, 16;
    %store/vec4 v000001edffb54e00_0, 0, 16;
    %delay 20, 0;
    %pushi/vec4 1, 0, 1;
    %store/vec4 v000001edffba8f50_0, 0, 1;
    %pushi/vec4 1, 0, 3;
    %store/vec4 v000001edffba8af0_0, 0, 3;
    %pushi/vec4 2, 0, 3;
    %store/vec4 v000001edffba8910_0, 0, 3;
    %pushi/vec4 4660, 0, 16;
    %store/vec4 v000001edffb54e00_0, 0, 16;
    %delay 20, 0;
    %pushi/vec4 0, 0, 1;
    %store/vec4 v000001edffba8f50_0, 0, 1;
    %pushi/vec4 1, 0, 1;
    %store/vec4 v000001edffba85f0_0, 0, 1;
    %pushi/vec4 22136, 0, 16;
    %store/vec4 v000001edffb54e00_0, 0, 16;
    %delay 20, 0;
    %pushi/vec4 1, 0, 1;
    %store/vec4 v000001edffba8f50_0, 0, 1;
    %pushi/vec4 2, 0, 3;
    %store/vec4 v000001edffba8af0_0, 0, 3;
    %pushi/vec4 3, 0, 3;
    %store/vec4 v000001edffba8910_0, 0, 3;
    %delay 20, 0;
    %pushi/vec4 0, 0, 1;
    %store/vec4 v000001edffba8f50_0, 0, 1;
    %pushi/vec4 1, 0, 1;
    %store/vec4 v000001edffba85f0_0, 0, 1;
    %pushi/vec4 4, 0, 3;
    %store/vec4 v000001edffba8910_0, 0, 3;
    %pushi/vec4 771, 0, 16;
    %store/vec4 v000001edffb54e00_0, 0, 16;
    %delay 20, 0;
    %pushi/vec4 1, 0, 1;
    %store/vec4 v000001edffba8f50_0, 0, 1;
    %pushi/vec4 0, 0, 1;
    %store/vec4 v000001edffba85f0_0, 0, 1;
    %pushi/vec4 4, 0, 3;
    %store/vec4 v000001edffba8af0_0, 0, 3;
    %pushi/vec4 5, 0, 3;
    %store/vec4 v000001edffba8910_0, 0, 3;
    %delay 500, 0;
    %vpi_call 2 79 "$finish" {0 0 0};
    %end;
    .thread T_2;
    .scope S_000001edffb0cce0;
T_3 ;
    %vpi_call 2 83 "$monitor", $time, "    %b", v000001edffb54ea0_0 {0 0 0};
    %end;
    .thread T_3;
    .scope S_000001edffb0cce0;
T_4 ;
    %delay 5, 0;
    %load/vec4 v000001edffb54d60_0;
    %inv;
    %store/vec4 v000001edffb54d60_0, 0, 1;
    %jmp T_4;
    .thread T_4;
# The file index is used to find the file name in the following table.
:file_names 3;
    "N/A";
    "<interactive>";
    "memory.v";
